<?xml version="1.0" ?>
<!DOCTYPE coverage SYSTEM 'http://cobertura.sourceforge.net/xml/coverage-03.dtd'>
<coverage line-rate="0.545" version="1.9" timestamp="1517478883">
	<sources>
		<source>/</source>
	</sources>
	<packages>
		<package name="integration_test_sh" line-rate="0.545" branch-rate="1.0" complexity="1.0">
			<classes>
				<class name="digdag" filename="source/dist/test/stfw/modules/digdag" line-rate="0.038">
					<lines>
						<line number="2" hits="6"/>
						<line number="95" hits="6"/>
						<line number="96" hits="6"/>
						<line number="97" hits="6"/>
						<line number="99" hits="6"/>
						<line number="100" hits="6"/>
						<line number="102" hits="0"/>
						<line number="103" hits="0"/>
						<line number="104" hits="0"/>
						<line number="107" hits="0"/>
						<line number="108" hits="0"/>
						<line number="109" hits="0"/>
						<line number="112" hits="0"/>
						<line number="113" hits="0"/>
						<line number="114" hits="0"/>
						<line number="116" hits="0"/>
						<line number="117" hits="0"/>
						<line number="118" hits="0"/>
						<line number="119" hits="0"/>
						<line number="120" hits="0"/>
						<line number="122" hits="0"/>
						<line number="124" hits="0"/>
						<line number="127" hits="6"/>
						<line number="132" hits="6"/>
						<line number="133" hits="0"/>
						<line number="135" hits="6"/>
						<line number="138" hits="6"/>
						<line number="139" hits="0"/>
						<line number="140" hits="0"/>
						<line number="141" hits="0"/>
						<line number="143" hits="0"/>
						<line number="144" hits="0"/>
						<line number="145" hits="0"/>
						<line number="146" hits="0"/>
						<line number="147" hits="0"/>
						<line number="148" hits="0"/>
						<line number="149" hits="0"/>
						<line number="150" hits="0"/>
						<line number="151" hits="0"/>
						<line number="152" hits="0"/>
						<line number="153" hits="0"/>
						<line number="154" hits="0"/>
						<line number="155" hits="0"/>
						<line number="156" hits="0"/>
						<line number="157" hits="0"/>
						<line number="158" hits="0"/>
						<line number="159" hits="0"/>
						<line number="160" hits="0"/>
						<line number="161" hits="0"/>
						<line number="162" hits="0"/>
						<line number="163" hits="0"/>
						<line number="164" hits="0"/>
						<line number="165" hits="0"/>
						<line number="166" hits="0"/>
						<line number="167" hits="0"/>
						<line number="168" hits="0"/>
						<line number="169" hits="0"/>
						<line number="170" hits="0"/>
						<line number="171" hits="0"/>
						<line number="172" hits="0"/>
						<line number="173" hits="0"/>
						<line number="174" hits="0"/>
						<line number="175" hits="0"/>
						<line number="176" hits="0"/>
						<line number="177" hits="0"/>
						<line number="178" hits="0"/>
						<line number="179" hits="0"/>
						<line number="180" hits="0"/>
						<line number="181" hits="0"/>
						<line number="182" hits="0"/>
						<line number="183" hits="0"/>
						<line number="184" hits="0"/>
						<line number="185" hits="0"/>
						<line number="186" hits="0"/>
						<line number="187" hits="0"/>
						<line number="188" hits="0"/>
						<line number="189" hits="0"/>
						<line number="190" hits="0"/>
						<line number="191" hits="0"/>
						<line number="192" hits="0"/>
						<line number="193" hits="0"/>
						<line number="194" hits="0"/>
						<line number="195" hits="0"/>
						<line number="196" hits="0"/>
						<line number="197" hits="0"/>
						<line number="198" hits="0"/>
						<line number="199" hits="0"/>
						<line number="200" hits="0"/>
						<line number="201" hits="0"/>
						<line number="202" hits="0"/>
						<line number="203" hits="0"/>
						<line number="204" hits="0"/>
						<line number="205" hits="0"/>
						<line number="206" hits="0"/>
						<line number="207" hits="0"/>
						<line number="208" hits="0"/>
						<line number="209" hits="0"/>
						<line number="210" hits="0"/>
						<line number="211" hits="0"/>
						<line number="212" hits="0"/>
						<line number="213" hits="0"/>
						<line number="214" hits="0"/>
						<line number="215" hits="0"/>
						<line number="216" hits="0"/>
						<line number="217" hits="0"/>
						<line number="218" hits="0"/>
						<line number="219" hits="0"/>
						<line number="220" hits="0"/>
						<line number="221" hits="0"/>
						<line number="222" hits="0"/>
						<line number="223" hits="0"/>
						<line number="224" hits="0"/>
						<line number="225" hits="0"/>
						<line number="226" hits="0"/>
						<line number="227" hits="0"/>
						<line number="228" hits="0"/>
						<line number="229" hits="0"/>
						<line number="230" hits="0"/>
						<line number="231" hits="0"/>
						<line number="232" hits="0"/>
						<line number="233" hits="0"/>
						<line number="234" hits="0"/>
						<line number="235" hits="0"/>
						<line number="236" hits="0"/>
						<line number="237" hits="0"/>
						<line number="238" hits="0"/>
						<line number="239" hits="0"/>
						<line number="240" hits="0"/>
						<line number="241" hits="0"/>
						<line number="242" hits="0"/>
						<line number="243" hits="0"/>
						<line number="244" hits="0"/>
						<line number="245" hits="0"/>
						<line number="246" hits="0"/>
						<line number="247" hits="0"/>
						<line number="248" hits="0"/>
						<line number="249" hits="0"/>
						<line number="250" hits="0"/>
						<line number="251" hits="0"/>
						<line number="252" hits="0"/>
						<line number="253" hits="0"/>
						<line number="254" hits="0"/>
						<line number="255" hits="0"/>
						<line number="256" hits="0"/>
						<line number="257" hits="0"/>
						<line number="258" hits="0"/>
						<line number="259" hits="0"/>
						<line number="260" hits="0"/>
						<line number="261" hits="0"/>
						<line number="262" hits="0"/>
						<line number="263" hits="0"/>
						<line number="264" hits="0"/>
						<line number="265" hits="0"/>
						<line number="266" hits="0"/>
						<line number="267" hits="0"/>
						<line number="268" hits="0"/>
						<line number="269" hits="0"/>
						<line number="270" hits="0"/>
						<line number="271" hits="0"/>
						<line number="272" hits="0"/>
						<line number="273" hits="0"/>
						<line number="274" hits="0"/>
						<line number="275" hits="0"/>
						<line number="276" hits="0"/>
						<line number="277" hits="0"/>
						<line number="278" hits="0"/>
						<line number="279" hits="0"/>
						<line number="280" hits="0"/>
						<line number="281" hits="0"/>
						<line number="282" hits="0"/>
						<line number="283" hits="0"/>
						<line number="284" hits="0"/>
						<line number="285" hits="0"/>
						<line number="286" hits="0"/>
						<line number="287" hits="0"/>
						<line number="288" hits="0"/>
						<line number="289" hits="0"/>
						<line number="290" hits="0"/>
						<line number="291" hits="0"/>
						<line number="292" hits="0"/>
						<line number="293" hits="0"/>
						<line number="294" hits="0"/>
						<line number="295" hits="0"/>
						<line number="296" hits="0"/>
						<line number="297" hits="0"/>
						<line number="298" hits="0"/>
						<line number="299" hits="0"/>
						<line number="300" hits="0"/>
						<line number="301" hits="0"/>
						<line number="302" hits="0"/>
						<line number="303" hits="0"/>
						<line number="304" hits="0"/>
						<line number="305" hits="0"/>
						<line number="306" hits="0"/>
						<line number="307" hits="0"/>
						<line number="308" hits="0"/>
						<line number="309" hits="0"/>
						<line number="310" hits="0"/>
						<line number="311" hits="0"/>
						<line number="312" hits="0"/>
						<line number="313" hits="0"/>
						<line number="314" hits="0"/>
						<line number="315" hits="0"/>
						<line number="316" hits="0"/>
						<line number="317" hits="0"/>
						<line number="318" hits="0"/>
						<line number="319" hits="0"/>
						<line number="320" hits="0"/>
						<line number="321" hits="0"/>
						<line number="322" hits="0"/>
						<line number="323" hits="0"/>
						<line number="324" hits="0"/>
						<line number="325" hits="0"/>
						<line number="326" hits="0"/>
						<line number="327" hits="0"/>
						<line number="328" hits="0"/>
						<line number="329" hits="0"/>
						<line number="330" hits="0"/>
						<line number="331" hits="0"/>
						<line number="332" hits="0"/>
						<line number="333" hits="0"/>
						<line number="334" hits="0"/>
						<line number="335" hits="0"/>
						<line number="336" hits="0"/>
						<line number="337" hits="0"/>
						<line number="338" hits="0"/>
						<line number="339" hits="0"/>
						<line number="340" hits="0"/>
						<line number="341" hits="0"/>
						<line number="342" hits="0"/>
						<line number="343" hits="0"/>
						<line number="344" hits="0"/>
						<line number="345" hits="0"/>
						<line number="346" hits="0"/>
						<line number="347" hits="0"/>
						<line number="348" hits="0"/>
						<line number="349" hits="0"/>
						<line number="350" hits="0"/>
						<line number="351" hits="0"/>
						<line number="352" hits="0"/>
						<line number="353" hits="0"/>
						<line number="354" hits="0"/>
						<line number="355" hits="0"/>
						<line number="356" hits="0"/>
						<line number="357" hits="0"/>
						<line number="358" hits="0"/>
						<line number="359" hits="0"/>
						<line number="360" hits="0"/>
						<line number="361" hits="0"/>
						<line number="362" hits="0"/>
						<line number="363" hits="0"/>
						<line number="364" hits="0"/>
						<line number="365" hits="0"/>
						<line number="366" hits="0"/>
						<line number="367" hits="0"/>
						<line number="368" hits="0"/>
						<line number="369" hits="0"/>
						<line number="370" hits="0"/>
						<line number="371" hits="0"/>
						<line number="372" hits="0"/>
						<line number="374" hits="0"/>
						<line number="375" hits="0"/>
					</lines>
				</class>
				<class name="export_yaml_6743_properties" filename="tmp/export_yaml_6743.properties" line-rate="1.000">
					<lines>
						<line number="1" hits="4"/>
						<line number="2" hits="4"/>
						<line number="3" hits="4"/>
						<line number="4" hits="4"/>
						<line number="5" hits="4"/>
						<line number="6" hits="4"/>
					</lines>
				</class>
				<class name="server" filename="source/dist/test/stfw/bin/cmd/server" line-rate="0.594">
					<lines>
						<line number="11" hits="16"/>
						<line number="12" hits="24"/>
						<line number="15" hits="32"/>
						<line number="16" hits="8"/>
						<line number="19" hits="8"/>
						<line number="21" hits="24"/>
						<line number="28" hits="0"/>
						<line number="33" hits="0"/>
						<line number="48" hits="2"/>
						<line number="51" hits="2"/>
						<line number="52" hits="0"/>
						<line number="53" hits="0"/>
						<line number="57" hits="2"/>
						<line number="58" hits="2"/>
						<line number="61" hits="2"/>
						<line number="62" hits="2"/>
						<line number="64" hits="2"/>
						<line number="65" hits="2"/>
						<line number="70" hits="2"/>
						<line number="73" hits="2"/>
						<line number="74" hits="0"/>
						<line number="75" hits="0"/>
						<line number="79" hits="2"/>
						<line number="80" hits="2"/>
						<line number="82" hits="2"/>
						<line number="83" hits="2"/>
						<line number="88" hits="4"/>
						<line number="91" hits="8"/>
						<line number="93" hits="4"/>
						<line number="94" hits="2"/>
						<line number="96" hits="2"/>
						<line number="99" hits="4"/>
						<line number="100" hits="4"/>
						<line number="112" hits="8"/>
						<line number="113" hits="0"/>
						<line number="114" hits="0"/>
						<line number="118" hits="8"/>
						<line number="119" hits="8"/>
						<line number="125" hits="8"/>
						<line number="126" hits="8"/>
						<line number="128" hits="0"/>
						<line number="129" hits="0"/>
						<line number="133" hits="0"/>
						<line number="134" hits="0"/>
						<line number="138" hits="0"/>
						<line number="139" hits="0"/>
						<line number="143" hits="0"/>
						<line number="144" hits="0"/>
						<line number="148" hits="0"/>
						<line number="149" hits="0"/>
						<line number="153" hits="0"/>
						<line number="154" hits="0"/>
						<line number="158" hits="8"/>
						<line number="168" hits="8"/>
						<line number="170" hits="0"/>
						<line number="171" hits="0"/>
						<line number="175" hits="2"/>
						<line number="179" hits="2"/>
						<line number="183" hits="0"/>
						<line number="184" hits="0"/>
						<line number="188" hits="4"/>
						<line number="192" hits="0"/>
						<line number="193" hits="0"/>
						<line number="197" hits="8"/>
					</lines>
				</class>
				<class name="export_yaml_6449_properties" filename="tmp/export_yaml_6449.properties" line-rate="1.000">
					<lines>
						<line number="1" hits="4"/>
						<line number="2" hits="4"/>
						<line number="3" hits="4"/>
						<line number="4" hits="4"/>
						<line number="5" hits="4"/>
						<line number="6" hits="4"/>
					</lines>
				</class>
				<class name="export_yaml_5710_properties" filename="tmp/export_yaml_5710.properties" line-rate="1.000">
					<lines>
						<line number="1" hits="4"/>
					</lines>
				</class>
				<class name="export_yaml_4876_properties" filename="tmp/export_yaml_4876.properties" line-rate="1.000">
					<lines>
						<line number="1" hits="12"/>
					</lines>
				</class>
				<class name="export_yaml_4703_properties" filename="tmp/export_yaml_4703.properties" line-rate="1.000">
					<lines>
						<line number="1" hits="4"/>
						<line number="2" hits="4"/>
						<line number="3" hits="4"/>
						<line number="4" hits="4"/>
						<line number="5" hits="4"/>
						<line number="6" hits="4"/>
					</lines>
				</class>
				<class name="process" filename="source/dist/test/stfw/bin/cmd/process" line-rate="0.278">
					<lines>
						<line number="11" hits="8"/>
						<line number="12" hits="12"/>
						<line number="15" hits="16"/>
						<line number="16" hits="4"/>
						<line number="19" hits="4"/>
						<line number="21" hits="12"/>
						<line number="28" hits="0"/>
						<line number="33" hits="0"/>
						<line number="44" hits="0"/>
						<line number="49" hits="4"/>
						<line number="51" hits="4"/>
						<line number="54" hits="4"/>
						<line number="55" hits="4"/>
						<line number="58" hits="8"/>
						<line number="59" hits="4"/>
						<line number="60" hits="8"/>
						<line number="62" hits="4"/>
						<line number="67" hits="4"/>
						<line number="69" hits="4"/>
						<line number="70" hits="4"/>
						<line number="71" hits="4"/>
						<line number="73" hits="4"/>
						<line number="74" hits="4"/>
						<line number="77" hits="8"/>
						<line number="78" hits="0"/>
						<line number="79" hits="0"/>
						<line number="83" hits="4"/>
						<line number="84" hits="0"/>
						<line number="85" hits="0"/>
						<line number="89" hits="8"/>
						<line number="90" hits="4"/>
						<line number="91" hits="4"/>
						<line number="92" hits="4"/>
						<line number="93" hits="4"/>
						<line number="96" hits="8"/>
						<line number="99" hits="4"/>
						<line number="100" hits="4"/>
						<line number="101" hits="8"/>
						<line number="102" hits="4"/>
						<line number="104" hits="4"/>
						<line number="105" hits="4"/>
						<line number="107" hits="4"/>
						<line number="108" hits="4"/>
						<line number="113" hits="0"/>
						<line number="114" hits="0"/>
						<line number="117" hits="0"/>
						<line number="118" hits="0"/>
						<line number="119" hits="0"/>
						<line number="120" hits="0"/>
						<line number="121" hits="0"/>
						<line number="122" hits="0"/>
						<line number="123" hits="0"/>
						<line number="126" hits="0"/>
						<line number="127" hits="0"/>
						<line number="128" hits="0"/>
						<line number="129" hits="0"/>
						<line number="130" hits="0"/>
						<line number="131" hits="0"/>
						<line number="133" hits="0"/>
						<line number="135" hits="0"/>
						<line number="136" hits="0"/>
						<line number="141" hits="0"/>
						<line number="142" hits="0"/>
						<line number="145" hits="0"/>
						<line number="146" hits="0"/>
						<line number="147" hits="0"/>
						<line number="148" hits="0"/>
						<line number="149" hits="0"/>
						<line number="150" hits="0"/>
						<line number="152" hits="0"/>
						<line number="153" hits="0"/>
						<line number="155" hits="0"/>
						<line number="156" hits="0"/>
						<line number="160" hits="0"/>
						<line number="161" hits="0"/>
						<line number="162" hits="0"/>
						<line number="163" hits="0"/>
						<line number="164" hits="0"/>
						<line number="165" hits="0"/>
						<line number="166" hits="0"/>
						<line number="168" hits="0"/>
						<line number="171" hits="0"/>
						<line number="172" hits="0"/>
						<line number="176" hits="0"/>
						<line number="177" hits="0"/>
						<line number="179" hits="0"/>
						<line number="180" hits="0"/>
						<line number="183" hits="0"/>
						<line number="184" hits="0"/>
						<line number="185" hits="0"/>
						<line number="186" hits="0"/>
						<line number="189" hits="0"/>
						<line number="190" hits="0"/>
						<line number="192" hits="0"/>
						<line number="195" hits="0"/>
						<line number="196" hits="0"/>
						<line number="197" hits="0"/>
						<line number="198" hits="0"/>
						<line number="199" hits="0"/>
						<line number="203" hits="0"/>
						<line number="204" hits="0"/>
						<line number="205" hits="0"/>
						<line number="206" hits="0"/>
						<line number="207" hits="0"/>
						<line number="210" hits="0"/>
						<line number="212" hits="0"/>
						<line number="213" hits="0"/>
						<line number="215" hits="0"/>
						<line number="216" hits="0"/>
						<line number="221" hits="0"/>
						<line number="222" hits="0"/>
						<line number="224" hits="0"/>
						<line number="225" hits="0"/>
						<line number="228" hits="0"/>
						<line number="229" hits="0"/>
						<line number="230" hits="0"/>
						<line number="231" hits="0"/>
						<line number="234" hits="0"/>
						<line number="235" hits="0"/>
						<line number="237" hits="0"/>
						<line number="240" hits="0"/>
						<line number="241" hits="0"/>
						<line number="242" hits="0"/>
						<line number="243" hits="0"/>
						<line number="244" hits="0"/>
						<line number="248" hits="0"/>
						<line number="249" hits="0"/>
						<line number="250" hits="0"/>
						<line number="251" hits="0"/>
						<line number="252" hits="0"/>
						<line number="253" hits="0"/>
						<line number="254" hits="0"/>
						<line number="255" hits="0"/>
						<line number="259" hits="0"/>
						<line number="260" hits="0"/>
						<line number="261" hits="0"/>
						<line number="262" hits="0"/>
						<line number="263" hits="0"/>
						<line number="264" hits="0"/>
						<line number="265" hits="0"/>
						<line number="266" hits="0"/>
						<line number="270" hits="0"/>
						<line number="271" hits="0"/>
						<line number="272" hits="0"/>
						<line number="273" hits="0"/>
						<line number="274" hits="0"/>
						<line number="275" hits="0"/>
						<line number="276" hits="0"/>
						<line number="277" hits="0"/>
						<line number="281" hits="0"/>
						<line number="283" hits="0"/>
						<line number="284" hits="0"/>
						<line number="286" hits="0"/>
						<line number="287" hits="0"/>
						<line number="298" hits="4"/>
						<line number="300" hits="4"/>
						<line number="302" hits="4"/>
						<line number="304" hits="8"/>
						<line number="305" hits="8"/>
						<line number="307" hits="0"/>
						<line number="308" hits="0"/>
						<line number="312" hits="0"/>
						<line number="313" hits="0"/>
						<line number="317" hits="0"/>
						<line number="318" hits="0"/>
						<line number="322" hits="0"/>
						<line number="323" hits="0"/>
						<line number="326" hits="0"/>
						<line number="327" hits="0"/>
						<line number="331" hits="4"/>
						<line number="332" hits="4"/>
						<line number="333" hits="4"/>
						<line number="336" hits="4"/>
						<line number="337" hits="4"/>
						<line number="338" hits="0"/>
						<line number="339" hits="0"/>
						<line number="343" hits="4"/>
						<line number="346" hits="4"/>
						<line number="347" hits="4"/>
						<line number="351" hits="0"/>
						<line number="352" hits="0"/>
						<line number="353" hits="0"/>
						<line number="356" hits="0"/>
						<line number="357" hits="0"/>
						<line number="358" hits="0"/>
						<line number="359" hits="0"/>
						<line number="363" hits="0"/>
						<line number="364" hits="0"/>
						<line number="368" hits="0"/>
						<line number="369" hits="0"/>
						<line number="370" hits="0"/>
						<line number="373" hits="0"/>
						<line number="374" hits="0"/>
						<line number="375" hits="0"/>
						<line number="376" hits="0"/>
						<line number="380" hits="0"/>
						<line number="381" hits="0"/>
						<line number="385" hits="0"/>
						<line number="386" hits="0"/>
						<line number="390" hits="4"/>
						<line number="396" hits="4"/>
						<line number="403" hits="8"/>
						<line number="404" hits="8"/>
						<line number="405" hits="0"/>
						<line number="406" hits="0"/>
						<line number="413" hits="4"/>
						<line number="418" hits="4"/>
						<line number="423" hits="4"/>
						<line number="425" hits="0"/>
						<line number="429" hits="4"/>
						<line number="433" hits="0"/>
						<line number="437" hits="0"/>
						<line number="441" hits="0"/>
						<line number="444" hits="4"/>
						<line number="446" hits="4"/>
						<line number="447" hits="4"/>
					</lines>
				</class>
				<class name="export_yaml_4355_properties" filename="tmp/export_yaml_4355.properties" line-rate="1.000">
					<lines>
						<line number="1" hits="4"/>
						<line number="2" hits="4"/>
						<line number="3" hits="4"/>
						<line number="4" hits="4"/>
						<line number="5" hits="4"/>
						<line number="6" hits="4"/>
					</lines>
				</class>
				<class name="scenario" filename="source/dist/test/stfw/bin/cmd/scenario" line-rate="0.411">
					<lines>
						<line number="11" hits="8"/>
						<line number="12" hits="12"/>
						<line number="15" hits="16"/>
						<line number="16" hits="4"/>
						<line number="19" hits="4"/>
						<line number="21" hits="12"/>
						<line number="28" hits="0"/>
						<line number="33" hits="0"/>
						<line number="44" hits="0"/>
						<line number="49" hits="2"/>
						<line number="50" hits="2"/>
						<line number="52" hits="2"/>
						<line number="53" hits="2"/>
						<line number="55" hits="4"/>
						<line number="58" hits="4"/>
						<line number="59" hits="0"/>
						<line number="60" hits="0"/>
						<line number="64" hits="2"/>
						<line number="65" hits="2"/>
						<line number="66" hits="2"/>
						<line number="70" hits="2"/>
						<line number="73" hits="2"/>
						<line number="74" hits="2"/>
						<line number="75" hits="4"/>
						<line number="76" hits="2"/>
						<line number="78" hits="2"/>
						<line number="79" hits="2"/>
						<line number="81" hits="2"/>
						<line number="82" hits="2"/>
						<line number="87" hits="2"/>
						<line number="88" hits="2"/>
						<line number="89" hits="2"/>
						<line number="91" hits="2"/>
						<line number="92" hits="2"/>
						<line number="95" hits="4"/>
						<line number="96" hits="0"/>
						<line number="97" hits="0"/>
						<line number="101" hits="4"/>
						<line number="102" hits="2"/>
						<line number="104" hits="2"/>
						<line number="105" hits="2"/>
						<line number="107" hits="2"/>
						<line number="108" hits="2"/>
						<line number="113" hits="0"/>
						<line number="114" hits="0"/>
						<line number="115" hits="0"/>
						<line number="117" hits="0"/>
						<line number="118" hits="0"/>
						<line number="121" hits="0"/>
						<line number="122" hits="0"/>
						<line number="123" hits="0"/>
						<line number="124" hits="0"/>
						<line number="125" hits="0"/>
						<line number="126" hits="0"/>
						<line number="127" hits="0"/>
						<line number="130" hits="0"/>
						<line number="131" hits="0"/>
						<line number="132" hits="0"/>
						<line number="133" hits="0"/>
						<line number="134" hits="0"/>
						<line number="135" hits="0"/>
						<line number="137" hits="0"/>
						<line number="139" hits="0"/>
						<line number="140" hits="0"/>
						<line number="142" hits="0"/>
						<line number="143" hits="0"/>
						<line number="148" hits="0"/>
						<line number="149" hits="0"/>
						<line number="150" hits="0"/>
						<line number="152" hits="0"/>
						<line number="153" hits="0"/>
						<line number="156" hits="0"/>
						<line number="157" hits="0"/>
						<line number="158" hits="0"/>
						<line number="159" hits="0"/>
						<line number="160" hits="0"/>
						<line number="161" hits="0"/>
						<line number="163" hits="0"/>
						<line number="164" hits="0"/>
						<line number="167" hits="0"/>
						<line number="168" hits="0"/>
						<line number="169" hits="0"/>
						<line number="170" hits="0"/>
						<line number="171" hits="0"/>
						<line number="172" hits="0"/>
						<line number="174" hits="0"/>
						<line number="175" hits="0"/>
						<line number="177" hits="0"/>
						<line number="178" hits="0"/>
						<line number="189" hits="4"/>
						<line number="191" hits="4"/>
						<line number="193" hits="4"/>
						<line number="195" hits="8"/>
						<line number="196" hits="8"/>
						<line number="198" hits="0"/>
						<line number="199" hits="0"/>
						<line number="203" hits="0"/>
						<line number="204" hits="0"/>
						<line number="208" hits="2"/>
						<line number="209" hits="2"/>
						<line number="210" hits="2"/>
						<line number="212" hits="2"/>
						<line number="213" hits="2"/>
						<line number="217" hits="0"/>
						<line number="218" hits="0"/>
						<line number="219" hits="0"/>
						<line number="220" hits="0"/>
						<line number="224" hits="2"/>
						<line number="225" hits="2"/>
						<line number="226" hits="2"/>
						<line number="227" hits="2"/>
						<line number="231" hits="0"/>
						<line number="232" hits="0"/>
						<line number="233" hits="0"/>
						<line number="236" hits="0"/>
						<line number="237" hits="0"/>
						<line number="238" hits="0"/>
						<line number="239" hits="0"/>
						<line number="241" hits="0"/>
						<line number="245" hits="0"/>
						<line number="246" hits="0"/>
						<line number="247" hits="0"/>
						<line number="250" hits="0"/>
						<line number="251" hits="0"/>
						<line number="252" hits="0"/>
						<line number="253" hits="0"/>
						<line number="255" hits="0"/>
						<line number="259" hits="0"/>
						<line number="260" hits="0"/>
						<line number="264" hits="4"/>
						<line number="273" hits="4"/>
						<line number="279" hits="4"/>
						<line number="281" hits="2"/>
						<line number="285" hits="2"/>
						<line number="289" hits="0"/>
						<line number="293" hits="0"/>
						<line number="297" hits="0"/>
						<line number="298" hits="0"/>
						<line number="301" hits="4"/>
						<line number="303" hits="4"/>
						<line number="304" hits="4"/>
					</lines>
				</class>
				<class name="export_yaml_4009_properties" filename="tmp/export_yaml_4009.properties" line-rate="1.000">
					<lines>
						<line number="1" hits="4"/>
						<line number="2" hits="4"/>
						<line number="3" hits="4"/>
						<line number="4" hits="4"/>
						<line number="5" hits="4"/>
						<line number="6" hits="4"/>
					</lines>
				</class>
				<class name="export_yaml_5537_properties" filename="tmp/export_yaml_5537.properties" line-rate="1.000">
					<lines>
						<line number="1" hits="4"/>
						<line number="2" hits="4"/>
						<line number="3" hits="4"/>
						<line number="4" hits="4"/>
						<line number="5" hits="4"/>
						<line number="6" hits="4"/>
					</lines>
				</class>
				<class name="export_yaml_3655_properties" filename="tmp/export_yaml_3655.properties" line-rate="1.000">
					<lines>
						<line number="1" hits="4"/>
						<line number="2" hits="4"/>
						<line number="3" hits="4"/>
						<line number="4" hits="4"/>
						<line number="5" hits="4"/>
						<line number="6" hits="4"/>
					</lines>
				</class>
				<class name="export_yaml_2605_properties" filename="tmp/export_yaml_2605.properties" line-rate="1.000">
					<lines>
						<line number="1" hits="4"/>
						<line number="2" hits="4"/>
						<line number="3" hits="4"/>
						<line number="4" hits="4"/>
						<line number="5" hits="4"/>
						<line number="6" hits="4"/>
					</lines>
				</class>
				<class name="stfw_utils" filename="source/dist/test/stfw/bin/lib/stfw_utils" line-rate="0.378">
					<lines>
						<line number="54" hits="51"/>
						<line number="56" hits="0"/>
						<line number="59" hits="0"/>
						<line number="62" hits="88"/>
						<line number="65" hits="0"/>
						<line number="68" hits="0"/>
						<line number="94" hits="2"/>
						<line number="96" hits="0"/>
						<line number="99" hits="0"/>
						<line number="102" hits="2"/>
						<line number="105" hits="0"/>
						<line number="108" hits="0"/>
						<line number="135" hits="6"/>
						<line number="137" hits="6"/>
						<line number="138" hits="6"/>
						<line number="139" hits="6"/>
						<line number="142" hits="6"/>
						<line number="143" hits="2"/>
						<line number="145" hits="12"/>
						<line number="147" hits="0"/>
						<line number="148" hits="0"/>
						<line number="149" hits="0"/>
						<line number="154" hits="6"/>
						<line number="155" hits="6"/>
						<line number="158" hits="6"/>
						<line number="159" hits="0"/>
						<line number="160" hits="0"/>
						<line number="162" hits="6"/>
						<line number="163" hits="6"/>
						<line number="166" hits="6"/>
						<line number="167" hits="6"/>
						<line number="191" hits="9"/>
						<line number="192" hits="9"/>
						<line number="194" hits="9"/>
						<line number="195" hits="9"/>
						<line number="197" hits="9"/>
						<line number="221" hits="3"/>
						<line number="222" hits="3"/>
						<line number="224" hits="6"/>
						<line number="225" hits="3"/>
						<line number="226" hits="0"/>
						<line number="227" hits="0"/>
						<line number="230" hits="3"/>
						<line number="231" hits="3"/>
						<line number="233" hits="3"/>
						<line number="256" hits="0"/>
						<line number="258" hits="0"/>
						<line number="260" hits="0"/>
						<line number="261" hits="0"/>
						<line number="262" hits="0"/>
						<line number="264" hits="0"/>
						<line number="265" hits="0"/>
						<line number="293" hits="0"/>
						<line number="295" hits="0"/>
						<line number="296" hits="0"/>
						<line number="298" hits="0"/>
						<line number="299" hits="0"/>
						<line number="301" hits="0"/>
						<line number="302" hits="0"/>
						<line number="303" hits="0"/>
						<line number="304" hits="0"/>
						<line number="305" hits="0"/>
						<line number="307" hits="0"/>
						<line number="308" hits="0"/>
						<line number="309" hits="0"/>
						<line number="310" hits="0"/>
						<line number="311" hits="0"/>
						<line number="313" hits="0"/>
						<line number="314" hits="0"/>
						<line number="315" hits="0"/>
						<line number="319" hits="0"/>
						<line number="321" hits="0"/>
						<line number="322" hits="0"/>
						<line number="324" hits="0"/>
						<line number="325" hits="0"/>
						<line number="330" hits="6"/>
						<line number="331" hits="2"/>
						<line number="332" hits="4"/>
						<line number="333" hits="2"/>
						<line number="335" hits="0"/>
						<line number="337" hits="2"/>
						<line number="340" hits="24"/>
						<line number="341" hits="6"/>
						<line number="342" hits="12"/>
						<line number="343" hits="6"/>
						<line number="345" hits="0"/>
						<line number="347" hits="6"/>
						<line number="350" hits="16"/>
						<line number="351" hits="4"/>
						<line number="352" hits="8"/>
						<line number="353" hits="4"/>
						<line number="355" hits="0"/>
						<line number="357" hits="4"/>
						<line number="360" hits="0"/>
						<line number="361" hits="0"/>
						<line number="362" hits="0"/>
						<line number="363" hits="0"/>
						<line number="365" hits="0"/>
						<line number="367" hits="0"/>
						<line number="394" hits="3"/>
						<line number="397" hits="3"/>
						<line number="398" hits="3"/>
						<line number="401" hits="3"/>
						<line number="402" hits="3"/>
						<line number="403" hits="3"/>
						<line number="404" hits="3"/>
						<line number="405" hits="3"/>
						<line number="408" hits="3"/>
						<line number="409" hits="3"/>
						<line number="410" hits="3"/>
						<line number="411" hits="3"/>
						<line number="412" hits="3"/>
						<line number="413" hits="3"/>
						<line number="414" hits="3"/>
						<line number="418" hits="3"/>
						<line number="419" hits="3"/>
						<line number="420" hits="3"/>
						<line number="421" hits="3"/>
						<line number="424" hits="3"/>
						<line number="425" hits="3"/>
						<line number="427" hits="3"/>
						<line number="428" hits="3"/>
						<line number="456" hits="6"/>
						<line number="458" hits="6"/>
						<line number="459" hits="6"/>
						<line number="460" hits="6"/>
						<line number="462" hits="6"/>
						<line number="463" hits="6"/>
						<line number="490" hits="2"/>
						<line number="491" hits="2"/>
						<line number="493" hits="2"/>
						<line number="495" hits="2"/>
						<line number="496" hits="0"/>
						<line number="497" hits="0"/>
						<line number="500" hits="2"/>
						<line number="501" hits="2"/>
						<line number="503" hits="2"/>
						<line number="504" hits="2"/>
						<line number="531" hits="2"/>
						<line number="532" hits="2"/>
						<line number="534" hits="2"/>
						<line number="536" hits="4"/>
						<line number="537" hits="2"/>
						<line number="538" hits="2"/>
						<line number="539" hits="2"/>
						<line number="542" hits="0"/>
						<line number="543" hits="0"/>
						<line number="545" hits="0"/>
						<line number="546" hits="0"/>
						<line number="568" hits="0"/>
						<line number="569" hits="0"/>
						<line number="573" hits="0"/>
						<line number="595" hits="0"/>
						<line number="597" hits="0"/>
						<line number="598" hits="0"/>
						<line number="602" hits="12"/>
						<line number="603" hits="6"/>
						<line number="604" hits="6"/>
						<line number="607" hits="0"/>
						<line number="608" hits="0"/>
						<line number="613" hits="12"/>
						<line number="614" hits="6"/>
						<line number="636" hits="2"/>
						<line number="637" hits="2"/>
						<line number="659" hits="0"/>
						<line number="661" hits="0"/>
						<line number="662" hits="0"/>
						<line number="663" hits="0"/>
						<line number="664" hits="0"/>
						<line number="667" hits="0"/>
						<line number="694" hits="0"/>
						<line number="695" hits="0"/>
						<line number="696" hits="0"/>
						<line number="697" hits="0"/>
						<line number="700" hits="0"/>
						<line number="702" hits="0"/>
						<line number="703" hits="0"/>
						<line number="707" hits="0"/>
						<line number="710" hits="0"/>
						<line number="711" hits="0"/>
						<line number="712" hits="0"/>
						<line number="715" hits="0"/>
						<line number="721" hits="0"/>
						<line number="722" hits="0"/>
						<line number="723" hits="0"/>
						<line number="727" hits="0"/>
						<line number="728" hits="0"/>
						<line number="730" hits="0"/>
						<line number="733" hits="0"/>
						<line number="734" hits="0"/>
						<line number="737" hits="0"/>
						<line number="738" hits="0"/>
						<line number="739" hits="0"/>
						<line number="742" hits="0"/>
						<line number="743" hits="0"/>
						<line number="744" hits="0"/>
						<line number="745" hits="0"/>
						<line number="751" hits="0"/>
						<line number="752" hits="0"/>
						<line number="754" hits="0"/>
						<line number="755" hits="0"/>
						<line number="757" hits="0"/>
						<line number="759" hits="0"/>
						<line number="762" hits="0"/>
						<line number="763" hits="0"/>
						<line number="765" hits="0"/>
						<line number="766" hits="0"/>
						<line number="767" hits="0"/>
						<line number="768" hits="0"/>
						<line number="771" hits="0"/>
						<line number="774" hits="0"/>
						<line number="775" hits="0"/>
						<line number="776" hits="0"/>
						<line number="777" hits="0"/>
						<line number="780" hits="0"/>
						<line number="781" hits="0"/>
						<line number="783" hits="0"/>
						<line number="784" hits="0"/>
						<line number="785" hits="0"/>
						<line number="786" hits="0"/>
						<line number="788" hits="0"/>
						<line number="789" hits="0"/>
						<line number="795" hits="0"/>
						<line number="798" hits="0"/>
						<line number="802" hits="0"/>
						<line number="803" hits="0"/>
						<line number="804" hits="0"/>
						<line number="807" hits="0"/>
						<line number="808" hits="0"/>
						<line number="810" hits="0"/>
						<line number="811" hits="0"/>
						<line number="812" hits="0"/>
						<line number="814" hits="0"/>
						<line number="815" hits="0"/>
						<line number="816" hits="0"/>
						<line number="817" hits="0"/>
						<line number="818" hits="0"/>
						<line number="819" hits="0"/>
						<line number="820" hits="0"/>
						<line number="821" hits="0"/>
						<line number="824" hits="0"/>
						<line number="825" hits="0"/>
						<line number="827" hits="0"/>
						<line number="828" hits="0"/>
						<line number="830" hits="0"/>
						<line number="832" hits="0"/>
						<line number="835" hits="0"/>
						<line number="839" hits="0"/>
						<line number="841" hits="0"/>
						<line number="842" hits="0"/>
						<line number="843" hits="0"/>
						<line number="844" hits="0"/>
						<line number="846" hits="0"/>
						<line number="847" hits="0"/>
					</lines>
				</class>
				<class name="export_yaml_2953_properties" filename="tmp/export_yaml_2953.properties" line-rate="1.000">
					<lines>
						<line number="1" hits="4"/>
						<line number="2" hits="4"/>
						<line number="3" hits="4"/>
						<line number="4" hits="4"/>
						<line number="5" hits="4"/>
						<line number="6" hits="4"/>
					</lines>
				</class>
				<class name="setenv" filename="source/dist/test/stfw/bin/lib/setenv" line-rate="0.877">
					<lines>
						<line number="16" hits="214"/>
						<line number="17" hits="214"/>
						<line number="18" hits="214"/>
						<line number="23" hits="214"/>
						<line number="24" hits="214"/>
						<line number="25" hits="214"/>
						<line number="26" hits="214"/>
						<line number="27" hits="214"/>
						<line number="34" hits="107"/>
						<line number="35" hits="0"/>
						<line number="36" hits="0"/>
						<line number="39" hits="107"/>
						<line number="40" hits="0"/>
						<line number="41" hits="0"/>
						<line number="53" hits="214"/>
						<line number="55" hits="214"/>
						<line number="57" hits="214"/>
						<line number="60" hits="214"/>
						<line number="62" hits="214"/>
						<line number="65" hits="214"/>
						<line number="68" hits="214"/>
						<line number="70" hits="214"/>
						<line number="76" hits="214"/>
						<line number="77" hits="214"/>
						<line number="80" hits="214"/>
						<line number="81" hits="214"/>
						<line number="82" hits="214"/>
						<line number="85" hits="214"/>
						<line number="86" hits="214"/>
						<line number="87" hits="214"/>
						<line number="90" hits="214"/>
						<line number="96" hits="214"/>
						<line number="99" hits="214"/>
						<line number="100" hits="214"/>
						<line number="107" hits="107"/>
						<line number="108" hits="0"/>
						<line number="109" hits="0"/>
						<line number="121" hits="214"/>
						<line number="123" hits="214"/>
						<line number="125" hits="214"/>
						<line number="131" hits="214"/>
						<line number="133" hits="214"/>
						<line number="140" hits="107"/>
						<line number="148" hits="107"/>
						<line number="152" hits="214"/>
						<line number="154" hits="214"/>
						<line number="155" hits="214"/>
						<line number="156" hits="214"/>
						<line number="157" hits="214"/>
						<line number="158" hits="214"/>
						<line number="160" hits="107"/>
						<line number="161" hits="107"/>
						<line number="163" hits="107"/>
						<line number="165" hits="107"/>
						<line number="167" hits="107"/>
						<line number="169" hits="107"/>
						<line number="172" hits="348"/>
						<line number="173" hits="348"/>
						<line number="174" hits="348"/>
						<line number="175" hits="348"/>
						<line number="177" hits="107"/>
						<line number="180" hits="107"/>
						<line number="187" hits="214"/>
						<line number="188" hits="0"/>
						<line number="189" hits="0"/>
					</lines>
				</class>
				<class name="run" filename="source/dist/test/stfw/bin/cmd/run" line-rate="0.692">
					<lines>
						<line number="11" hits="4"/>
						<line number="12" hits="6"/>
						<line number="15" hits="8"/>
						<line number="16" hits="2"/>
						<line number="19" hits="2"/>
						<line number="21" hits="2"/>
						<line number="23" hits="6"/>
						<line number="31" hits="0"/>
						<line number="36" hits="0"/>
						<line number="46" hits="0"/>
						<line number="51" hits="44"/>
						<line number="56" hits="4"/>
						<line number="61" hits="0"/>
						<line number="62" hits="0"/>
						<line number="65" hits="0"/>
						<line number="66" hits="0"/>
						<line number="67" hits="0"/>
						<line number="68" hits="0"/>
						<line number="69" hits="0"/>
						<line number="70" hits="0"/>
						<line number="71" hits="0"/>
						<line number="74" hits="0"/>
						<line number="75" hits="0"/>
						<line number="76" hits="0"/>
						<line number="77" hits="0"/>
						<line number="78" hits="0"/>
						<line number="79" hits="0"/>
						<line number="81" hits="0"/>
						<line number="83" hits="0"/>
						<line number="84" hits="0"/>
						<line number="89" hits="0"/>
						<line number="90" hits="0"/>
						<line number="93" hits="0"/>
						<line number="94" hits="0"/>
						<line number="95" hits="0"/>
						<line number="96" hits="0"/>
						<line number="97" hits="0"/>
						<line number="98" hits="0"/>
						<line number="100" hits="0"/>
						<line number="101" hits="0"/>
						<line number="104" hits="0"/>
						<line number="105" hits="0"/>
						<line number="106" hits="0"/>
						<line number="107" hits="0"/>
						<line number="108" hits="0"/>
						<line number="109" hits="0"/>
						<line number="111" hits="0"/>
						<line number="112" hits="0"/>
						<line number="117" hits="8"/>
						<line number="118" hits="8"/>
						<line number="119" hits="8"/>
						<line number="121" hits="8"/>
						<line number="122" hits="2"/>
						<line number="123" hits="2"/>
						<line number="126" hits="12"/>
						<line number="127" hits="12"/>
						<line number="130" hits="6"/>
						<line number="131" hits="6"/>
						<line number="132" hits="6"/>
						<line number="133" hits="6"/>
						<line number="134" hits="6"/>
						<line number="137" hits="6"/>
						<line number="138" hits="6"/>
						<line number="139" hits="6"/>
						<line number="140" hits="6"/>
						<line number="143" hits="134"/>
						<line number="145" hits="58"/>
						<line number="146" hits="58"/>
						<line number="147" hits="42"/>
						<line number="148" hits="42"/>
						<line number="153" hits="118"/>
						<line number="155" hits="50"/>
						<line number="156" hits="50"/>
						<line number="157" hits="50"/>
						<line number="158" hits="50"/>
						<line number="162" hits="6"/>
						<line number="163" hits="6"/>
						<line number="165" hits="6"/>
						<line number="166" hits="6"/>
						<line number="171" hits="2"/>
						<line number="173" hits="2"/>
						<line number="174" hits="2"/>
						<line number="175" hits="4"/>
						<line number="178" hits="4"/>
						<line number="180" hits="2"/>
						<line number="182" hits="2"/>
						<line number="184" hits="2"/>
						<line number="186" hits="2"/>
						<line number="187" hits="2"/>
						<line number="190" hits="2"/>
						<line number="195" hits="4"/>
						<line number="196" hits="4"/>
						<line number="197" hits="4"/>
						<line number="199" hits="4"/>
						<line number="200" hits="0"/>
						<line number="201" hits="0"/>
						<line number="204" hits="8"/>
						<line number="205" hits="8"/>
						<line number="208" hits="4"/>
						<line number="209" hits="4"/>
						<line number="210" hits="4"/>
						<line number="211" hits="4"/>
						<line number="212" hits="4"/>
						<line number="215" hits="4"/>
						<line number="216" hits="4"/>
						<line number="217" hits="4"/>
						<line number="218" hits="4"/>
						<line number="221" hits="80"/>
						<line number="223" hits="34"/>
						<line number="224" hits="34"/>
						<line number="225" hits="16"/>
						<line number="226" hits="16"/>
						<line number="231" hits="36"/>
						<line number="233" hits="12"/>
						<line number="234" hits="12"/>
						<line number="235" hits="12"/>
						<line number="236" hits="12"/>
						<line number="240" hits="4"/>
						<line number="241" hits="4"/>
						<line number="243" hits="4"/>
						<line number="244" hits="4"/>
						<line number="249" hits="2"/>
						<line number="251" hits="2"/>
						<line number="252" hits="2"/>
						<line number="253" hits="4"/>
						<line number="256" hits="2"/>
						<line number="257" hits="2"/>
						<line number="258" hits="0"/>
						<line number="263" hits="2"/>
						<line number="268" hits="2"/>
						<line number="270" hits="2"/>
						<line number="272" hits="2"/>
						<line number="274" hits="2"/>
						<line number="279" hits="2"/>
						<line number="281" hits="2"/>
						<line number="282" hits="2"/>
						<line number="283" hits="2"/>
						<line number="284" hits="4"/>
						<line number="287" hits="2"/>
						<line number="288" hits="2"/>
						<line number="289" hits="0"/>
						<line number="290" hits="0"/>
						<line number="295" hits="4"/>
						<line number="296" hits="0"/>
						<line number="297" hits="0"/>
						<line number="300" hits="2"/>
						<line number="303" hits="4"/>
						<line number="306" hits="2"/>
						<line number="307" hits="2"/>
						<line number="308" hits="2"/>
						<line number="309" hits="2"/>
						<line number="312" hits="2"/>
						<line number="315" hits="2"/>
						<line number="316" hits="2"/>
						<line number="319" hits="2"/>
						<line number="320" hits="2"/>
						<line number="323" hits="2"/>
						<line number="326" hits="2"/>
						<line number="329" hits="4"/>
						<line number="330" hits="2"/>
						<line number="331" hits="2"/>
						<line number="332" hits="2"/>
						<line number="333" hits="2"/>
						<line number="334" hits="4"/>
						<line number="335" hits="2"/>
						<line number="338" hits="4"/>
						<line number="339" hits="2"/>
						<line number="342" hits="4"/>
						<line number="344" hits="2"/>
						<line number="345" hits="2"/>
						<line number="348" hits="2"/>
						<line number="349" hits="2"/>
						<line number="350" hits="2"/>
						<line number="353" hits="2"/>
						<line number="354" hits="2"/>
						<line number="365" hits="2"/>
						<line number="367" hits="2"/>
						<line number="369" hits="2"/>
						<line number="371" hits="4"/>
						<line number="372" hits="4"/>
						<line number="374" hits="0"/>
						<line number="375" hits="0"/>
						<line number="379" hits="0"/>
						<line number="380" hits="0"/>
						<line number="384" hits="0"/>
						<line number="385" hits="0"/>
						<line number="386" hits="0"/>
						<line number="390" hits="0"/>
						<line number="391" hits="0"/>
						<line number="392" hits="0"/>
						<line number="396" hits="0"/>
						<line number="397" hits="0"/>
						<line number="401" hits="2"/>
						<line number="402" hits="2"/>
						<line number="406" hits="0"/>
						<line number="407" hits="0"/>
						<line number="411" hits="2"/>
						<line number="417" hits="4"/>
						<line number="420" hits="2"/>
						<line number="421" hits="0"/>
						<line number="425" hits="2"/>
						<line number="431" hits="2"/>
						<line number="437" hits="2"/>
						<line number="439" hits="2"/>
						<line number="443" hits="0"/>
						<line number="447" hits="0"/>
						<line number="451" hits="0"/>
						<line number="452" hits="0"/>
						<line number="455" hits="2"/>
						<line number="457" hits="2"/>
						<line number="458" hits="2"/>
					</lines>
				</class>
				<class name="export_yaml_6957_properties" filename="tmp/export_yaml_6957.properties" line-rate="1.000">
					<lines>
						<line number="1" hits="4"/>
						<line number="2" hits="4"/>
						<line number="3" hits="4"/>
						<line number="4" hits="4"/>
						<line number="5" hits="4"/>
						<line number="6" hits="4"/>
					</lines>
				</class>
				<class name="common_utils" filename="source/dist/test/stfw/bin/lib/common_utils" line-rate="0.519">
					<lines>
						<line number="46" hits="220"/>
						<line number="47" hits="0"/>
						<line number="49" hits="110"/>
						<line number="51" hits="110"/>
						<line number="55" hits="0"/>
						<line number="56" hits="0"/>
						<line number="57" hits="0"/>
						<line number="59" hits="0"/>
						<line number="61" hits="0"/>
						<line number="65" hits="0"/>
						<line number="66" hits="0"/>
						<line number="67" hits="0"/>
						<line number="69" hits="0"/>
						<line number="71" hits="0"/>
						<line number="79" hits="10"/>
						<line number="80" hits="10"/>
						<line number="81" hits="10"/>
						<line number="82" hits="10"/>
						<line number="86" hits="0"/>
						<line number="87" hits="0"/>
						<line number="88" hits="0"/>
						<line number="92" hits="0"/>
						<line number="93" hits="0"/>
						<line number="94" hits="0"/>
						<line number="98" hits="0"/>
						<line number="99" hits="0"/>
						<line number="100" hits="0"/>
						<line number="104" hits="10"/>
						<line number="105" hits="10"/>
						<line number="106" hits="10"/>
						<line number="107" hits="10"/>
						<line number="115" hits="0"/>
						<line number="116" hits="0"/>
						<line number="117" hits="0"/>
						<line number="121" hits="0"/>
						<line number="122" hits="0"/>
						<line number="123" hits="0"/>
						<line number="131" hits="0"/>
						<line number="132" hits="0"/>
						<line number="135" hits="0"/>
						<line number="136" hits="0"/>
						<line number="137" hits="0"/>
						<line number="140" hits="0"/>
						<line number="141" hits="0"/>
						<line number="144" hits="0"/>
						<line number="145" hits="0"/>
						<line number="146" hits="0"/>
						<line number="147" hits="0"/>
						<line number="148" hits="0"/>
						<line number="152" hits="0"/>
						<line number="153" hits="0"/>
						<line number="154" hits="0"/>
						<line number="155" hits="0"/>
						<line number="156" hits="0"/>
						<line number="160" hits="0"/>
						<line number="161" hits="0"/>
						<line number="162" hits="0"/>
						<line number="163" hits="0"/>
						<line number="164" hits="0"/>
						<line number="167" hits="0"/>
						<line number="168" hits="0"/>
						<line number="177" hits="4"/>
						<line number="178" hits="2"/>
						<line number="179" hits="2"/>
						<line number="180" hits="2"/>
						<line number="181" hits="2"/>
						<line number="182" hits="2"/>
						<line number="183" hits="2"/>
						<line number="191" hits="120"/>
						<line number="193" hits="120"/>
						<line number="194" hits="120"/>
						<line number="195" hits="120"/>
						<line number="197" hits="120"/>
						<line number="201" hits="0"/>
						<line number="202" hits="0"/>
						<line number="204" hits="0"/>
						<line number="215" hits="0"/>
						<line number="216" hits="0"/>
						<line number="219" hits="0"/>
						<line number="221" hits="0"/>
						<line number="222" hits="0"/>
						<line number="225" hits="0"/>
						<line number="227" hits="0"/>
						<line number="230" hits="0"/>
						<line number="231" hits="0"/>
						<line number="240" hits="6"/>
						<line number="241" hits="0"/>
						<line number="242" hits="0"/>
						<line number="245" hits="6"/>
						<line number="246" hits="6"/>
						<line number="249" hits="6"/>
						<line number="250" hits="6"/>
						<line number="251" hits="6"/>
						<line number="256" hits="6"/>
						<line number="257" hits="0"/>
						<line number="258" hits="0"/>
						<line number="261" hits="6"/>
						<line number="262" hits="6"/>
						<line number="263" hits="0"/>
						<line number="264" hits="0"/>
						<line number="268" hits="6"/>
						<line number="269" hits="6"/>
						<line number="270" hits="6"/>
						<line number="275" hits="3"/>
						<line number="276" hits="0"/>
						<line number="277" hits="0"/>
						<line number="280" hits="3"/>
						<line number="281" hits="3"/>
						<line number="282" hits="0"/>
						<line number="283" hits="0"/>
						<line number="287" hits="3"/>
						<line number="288" hits="3"/>
						<line number="289" hits="3"/>
						<line number="297" hits="0"/>
						<line number="300" hits="0"/>
						<line number="303" hits="0"/>
						<line number="306" hits="0"/>
						<line number="307" hits="0"/>
						<line number="308" hits="0"/>
						<line number="309" hits="0"/>
						<line number="310" hits="0"/>
						<line number="311" hits="0"/>
						<line number="312" hits="0"/>
						<line number="313" hits="0"/>
						<line number="363" hits="117"/>
						<line number="365" hits="117"/>
						<line number="367" hits="234"/>
						<line number="368" hits="234"/>
						<line number="369" hits="234"/>
						<line number="377" hits="117"/>
						<line number="378" hits="117"/>
						<line number="379" hits="117"/>
						<line number="380" hits="117"/>
						<line number="381" hits="117"/>
						<line number="382" hits="117"/>
						<line number="383" hits="117"/>
						<line number="385" hits="117"/>
						<line number="393" hits="117"/>
						<line number="394" hits="117"/>
						<line number="395" hits="117"/>
						<line number="396" hits="117"/>
						<line number="397" hits="117"/>
						<line number="398" hits="117"/>
						<line number="399" hits="117"/>
						<line number="400" hits="117"/>
						<line number="403" hits="117"/>
						<line number="407" hits="234"/>
						<line number="408" hits="117"/>
						<line number="411" hits="117"/>
						<line number="412" hits="117"/>
						<line number="413" hits="117"/>
						<line number="415" hits="117"/>
						<line number="452" hits="107"/>
						<line number="453" hits="107"/>
						<line number="454" hits="107"/>
						<line number="456" hits="214"/>
						<line number="457" hits="107"/>
						<line number="458" hits="107"/>
						<line number="460" hits="107"/>
						<line number="484" hits="0"/>
						<line number="485" hits="0"/>
						<line number="486" hits="0"/>
						<line number="488" hits="0"/>
						<line number="494" hits="42"/>
						<line number="496" hits="84"/>
						<line number="497" hits="42"/>
						<line number="498" hits="0"/>
						<line number="499" hits="0"/>
						<line number="502" hits="84"/>
						<line number="506" hits="42"/>
						<line number="508" hits="84"/>
						<line number="509" hits="42"/>
						<line number="510" hits="6"/>
						<line number="511" hits="6"/>
						<line number="513" hits="36"/>
						<line number="517" hits="42"/>
						<line number="519" hits="84"/>
						<line number="520" hits="48"/>
						<line number="522" hits="72"/>
						<line number="523" hits="36"/>
						<line number="527" hits="42"/>
						<line number="529" hits="42"/>
						<line number="530" hits="42"/>
						<line number="531" hits="48"/>
						<line number="533" hits="72"/>
						<line number="534" hits="36"/>
						<line number="538" hits="120"/>
						<line number="539" hits="120"/>
						<line number="540" hits="133"/>
						<line number="541" hits="360"/>
						<line number="545" hits="36"/>
						<line number="546" hits="36"/>
						<line number="547" hits="36"/>
						<line number="548" hits="36"/>
						<line number="549" hits="36"/>
						<line number="550" hits="36"/>
						<line number="551" hits="0"/>
						<line number="553" hits="0"/>
						<line number="555" hits="0"/>
						<line number="557" hits="0"/>
						<line number="559" hits="0"/>
						<line number="561" hits="0"/>
						<line number="562" hits="0"/>
						<line number="564" hits="0"/>
						<line number="565" hits="36"/>
						<line number="570" hits="0"/>
						<line number="571" hits="0"/>
						<line number="572" hits="0"/>
					</lines>
				</class>
				<class name="export_yaml_3301_properties" filename="tmp/export_yaml_3301.properties" line-rate="1.000">
					<lines>
						<line number="1" hits="4"/>
						<line number="2" hits="4"/>
						<line number="3" hits="4"/>
						<line number="4" hits="4"/>
						<line number="5" hits="4"/>
						<line number="6" hits="4"/>
					</lines>
				</class>
				<class name="stfw" filename="source/dist/test/stfw/bin/stfw" line-rate="0.545">
					<lines>
						<line number="12" hits="153"/>
						<line number="15" hits="0"/>
						<line number="16" hits="0"/>
						<line number="17" hits="0"/>
						<line number="18" hits="0"/>
						<line number="19" hits="0"/>
						<line number="21" hits="51"/>
						<line number="23" hits="326"/>
						<line number="26" hits="153"/>
						<line number="27" hits="153"/>
						<line number="28" hits="153"/>
						<line number="31" hits="204"/>
						<line number="32" hits="153"/>
						<line number="33" hits="51"/>
						<line number="36" hits="0"/>
						<line number="37" hits="0"/>
						<line number="38" hits="51"/>
						<line number="41" hits="102"/>
						<line number="48" hits="51"/>
						<line number="51" hits="51"/>
						<line number="52" hits="96"/>
						<line number="53" hits="48"/>
						<line number="57" hits="51"/>
						<line number="65" hits="0"/>
						<line number="66" hits="0"/>
						<line number="67" hits="0"/>
						<line number="71" hits="0"/>
						<line number="102" hits="51"/>
						<line number="103" hits="51"/>
						<line number="105" hits="0"/>
						<line number="106" hits="0"/>
						<line number="110" hits="0"/>
						<line number="111" hits="0"/>
						<line number="115" hits="0"/>
						<line number="116" hits="0"/>
						<line number="120" hits="0"/>
						<line number="121" hits="0"/>
						<line number="125" hits="0"/>
						<line number="126" hits="0"/>
						<line number="130" hits="51"/>
						<line number="140" hits="51"/>
						<line number="141" hits="0"/>
						<line number="142" hits="0"/>
						<line number="146" hits="51"/>
						<line number="147" hits="51"/>
						<line number="148" hits="51"/>
						<line number="149" hits="0"/>
						<line number="150" hits="0"/>
						<line number="158" hits="51"/>
						<line number="159" hits="80"/>
						<line number="160" hits="40"/>
						<line number="162" hits="11"/>
						<line number="163" hits="11"/>
						<line number="172" hits="51"/>
						<line number="174" hits="51"/>
					</lines>
				</class>
				<class name="bizdate" filename="source/dist/test/stfw/bin/cmd/bizdate" line-rate="0.331">
					<lines>
						<line number="11" hits="8"/>
						<line number="12" hits="12"/>
						<line number="15" hits="16"/>
						<line number="16" hits="4"/>
						<line number="19" hits="4"/>
						<line number="21" hits="12"/>
						<line number="28" hits="0"/>
						<line number="33" hits="0"/>
						<line number="43" hits="0"/>
						<line number="48" hits="4"/>
						<line number="49" hits="4"/>
						<line number="51" hits="4"/>
						<line number="56" hits="4"/>
						<line number="57" hits="4"/>
						<line number="58" hits="4"/>
						<line number="60" hits="4"/>
						<line number="61" hits="4"/>
						<line number="63" hits="8"/>
						<line number="64" hits="8"/>
						<line number="67" hits="8"/>
						<line number="68" hits="0"/>
						<line number="69" hits="0"/>
						<line number="73" hits="4"/>
						<line number="74" hits="4"/>
						<line number="75" hits="4"/>
						<line number="79" hits="4"/>
						<line number="82" hits="4"/>
						<line number="83" hits="4"/>
						<line number="84" hits="8"/>
						<line number="85" hits="4"/>
						<line number="87" hits="4"/>
						<line number="88" hits="4"/>
						<line number="90" hits="4"/>
						<line number="91" hits="4"/>
						<line number="96" hits="0"/>
						<line number="97" hits="0"/>
						<line number="99" hits="0"/>
						<line number="100" hits="0"/>
						<line number="103" hits="0"/>
						<line number="104" hits="0"/>
						<line number="105" hits="0"/>
						<line number="109" hits="0"/>
						<line number="110" hits="0"/>
						<line number="112" hits="0"/>
						<line number="113" hits="0"/>
						<line number="115" hits="0"/>
						<line number="116" hits="0"/>
						<line number="121" hits="0"/>
						<line number="123" hits="0"/>
						<line number="124" hits="0"/>
						<line number="126" hits="0"/>
						<line number="127" hits="0"/>
						<line number="130" hits="0"/>
						<line number="131" hits="0"/>
						<line number="132" hits="0"/>
						<line number="133" hits="0"/>
						<line number="134" hits="0"/>
						<line number="135" hits="0"/>
						<line number="136" hits="0"/>
						<line number="139" hits="0"/>
						<line number="140" hits="0"/>
						<line number="141" hits="0"/>
						<line number="142" hits="0"/>
						<line number="143" hits="0"/>
						<line number="144" hits="0"/>
						<line number="146" hits="0"/>
						<line number="148" hits="0"/>
						<line number="149" hits="0"/>
						<line number="151" hits="0"/>
						<line number="152" hits="0"/>
						<line number="157" hits="0"/>
						<line number="158" hits="0"/>
						<line number="159" hits="0"/>
						<line number="161" hits="0"/>
						<line number="162" hits="0"/>
						<line number="165" hits="0"/>
						<line number="166" hits="0"/>
						<line number="167" hits="0"/>
						<line number="168" hits="0"/>
						<line number="169" hits="0"/>
						<line number="170" hits="0"/>
						<line number="172" hits="0"/>
						<line number="173" hits="0"/>
						<line number="176" hits="0"/>
						<line number="177" hits="0"/>
						<line number="178" hits="0"/>
						<line number="179" hits="0"/>
						<line number="180" hits="0"/>
						<line number="181" hits="0"/>
						<line number="183" hits="0"/>
						<line number="184" hits="0"/>
						<line number="186" hits="0"/>
						<line number="187" hits="0"/>
						<line number="198" hits="4"/>
						<line number="200" hits="4"/>
						<line number="202" hits="8"/>
						<line number="203" hits="8"/>
						<line number="205" hits="0"/>
						<line number="206" hits="0"/>
						<line number="210" hits="0"/>
						<line number="211" hits="0"/>
						<line number="215" hits="4"/>
						<line number="216" hits="4"/>
						<line number="217" hits="4"/>
						<line number="220" hits="4"/>
						<line number="221" hits="4"/>
						<line number="222" hits="0"/>
						<line number="223" hits="0"/>
						<line number="227" hits="4"/>
						<line number="228" hits="8"/>
						<line number="229" hits="0"/>
						<line number="230" hits="0"/>
						<line number="232" hits="4"/>
						<line number="236" hits="0"/>
						<line number="237" hits="0"/>
						<line number="238" hits="0"/>
						<line number="242" hits="0"/>
						<line number="243" hits="0"/>
						<line number="244" hits="0"/>
						<line number="247" hits="0"/>
						<line number="248" hits="0"/>
						<line number="249" hits="0"/>
						<line number="250" hits="0"/>
						<line number="252" hits="0"/>
						<line number="256" hits="0"/>
						<line number="257" hits="0"/>
						<line number="258" hits="0"/>
						<line number="261" hits="0"/>
						<line number="262" hits="0"/>
						<line number="263" hits="0"/>
						<line number="264" hits="0"/>
						<line number="266" hits="0"/>
						<line number="270" hits="0"/>
						<line number="271" hits="0"/>
						<line number="275" hits="4"/>
						<line number="284" hits="4"/>
						<line number="290" hits="4"/>
						<line number="292" hits="4"/>
						<line number="295" hits="0"/>
						<line number="298" hits="0"/>
						<line number="301" hits="0"/>
						<line number="304" hits="0"/>
						<line number="307" hits="4"/>
						<line number="309" hits="4"/>
						<line number="310" hits="4"/>
					</lines>
				</class>
				<class name="logging_utils" filename="source/dist/test/stfw/bin/lib/logging_utils" line-rate="0.481">
					<lines>
						<line number="61" hits="107"/>
						<line number="64" hits="107"/>
						<line number="65" hits="107"/>
						<line number="66" hits="107"/>
						<line number="67" hits="107"/>
						<line number="68" hits="107"/>
						<line number="70" hits="107"/>
						<line number="71" hits="107"/>
						<line number="72" hits="107"/>
						<line number="73" hits="107"/>
						<line number="74" hits="107"/>
						<line number="75" hits="107"/>
						<line number="81" hits="107"/>
						<line number="84" hits="107"/>
						<line number="98" hits="114"/>
						<line number="108" hits="66"/>
						<line number="109" hits="66"/>
						<line number="115" hits="3"/>
						<line number="121" hits="644"/>
						<line number="128" hits="45"/>
						<line number="131" hits="90"/>
						<line number="132" hits="90"/>
						<line number="136" hits="97"/>
						<line number="139" hits="45"/>
						<line number="146" hits="135"/>
						<line number="149" hits="90"/>
						<line number="152" hits="45"/>
						<line number="155" hits="90"/>
						<line number="156" hits="135"/>
						<line number="157" hits="45"/>
						<line number="159" hits="90"/>
						<line number="163" hits="45"/>
						<line number="166" hits="90"/>
						<line number="167" hits="90"/>
						<line number="184" hits="0"/>
						<line number="194" hits="0"/>
						<line number="195" hits="0"/>
						<line number="196" hits="0"/>
						<line number="197" hits="0"/>
						<line number="199" hits="0"/>
						<line number="201" hits="0"/>
						<line number="225" hits="348"/>
						<line number="226" hits="696"/>
						<line number="227" hits="348"/>
						<line number="228" hits="348"/>
						<line number="230" hits="348"/>
						<line number="232" hits="0"/>
						<line number="233" hits="0"/>
						<line number="234" hits="0"/>
						<line number="237" hits="348"/>
						<line number="242" hits="0"/>
						<line number="250" hits="0"/>
						<line number="253" hits="0"/>
						<line number="254" hits="0"/>
						<line number="255" hits="0"/>
						<line number="257" hits="0"/>
						<line number="261" hits="0"/>
						<line number="263" hits="0"/>
						<line number="264" hits="348"/>
						<line number="287" hits="51"/>
						<line number="288" hits="0"/>
						<line number="289" hits="0"/>
						<line number="293" hits="51"/>
						<line number="294" hits="0"/>
						<line number="295" hits="0"/>
						<line number="296" hits="0"/>
						<line number="297" hits="0"/>
						<line number="299" hits="0"/>
						<line number="300" hits="0"/>
						<line number="301" hits="0"/>
						<line number="305" hits="0"/>
						<line number="308" hits="51"/>
						<line number="335" hits="609"/>
						<line number="341" hits="609"/>
						<line number="342" hits="0"/>
						<line number="343" hits="0"/>
						<line number="349" hits="609"/>
						<line number="354" hits="0"/>
						<line number="355" hits="0"/>
						<line number="358" hits="609"/>
						<line number="360" hits="0"/>
						<line number="361" hits="0"/>
						<line number="364" hits="609"/>
						<line number="366" hits="609"/>
						<line number="368" hits="375"/>
						<line number="371" hits="0"/>
						<line number="373" hits="0"/>
						<line number="376" hits="0"/>
						<line number="379" hits="0"/>
						<line number="381" hits="0"/>
						<line number="385" hits="0"/>
						<line number="389" hits="234"/>
						<line number="419" hits="609"/>
						<line number="420" hits="609"/>
						<line number="425" hits="609"/>
						<line number="426" hits="609"/>
						<line number="427" hits="609"/>
						<line number="429" hits="0"/>
						<line number="435" hits="1218"/>
						<line number="437" hits="145"/>
						<line number="439" hits="126"/>
						<line number="440" hits="126"/>
						<line number="443" hits="304"/>
						<line number="444" hits="133"/>
						<line number="445" hits="0"/>
						<line number="449" hits="464"/>
						<line number="451" hits="249"/>
						<line number="454" hits="215"/>
						<line number="457" hits="234"/>
						<line number="463" hits="314"/>
						<line number="465" hits="628"/>
						<line number="466" hits="234"/>
						<line number="468" hits="197"/>
						<line number="469" hits="197"/>
						<line number="470" hits="197"/>
						<line number="471" hits="197"/>
						<line number="474" hits="314"/>
						<line number="480" hits="61"/>
						<line number="482" hits="122"/>
						<line number="483" hits="18"/>
						<line number="485" hits="52"/>
						<line number="486" hits="52"/>
						<line number="487" hits="52"/>
						<line number="488" hits="52"/>
						<line number="491" hits="61"/>
						<line number="497" hits="221"/>
						<line number="499" hits="442"/>
						<line number="500" hits="38"/>
						<line number="502" hits="202"/>
						<line number="503" hits="202"/>
						<line number="504" hits="202"/>
						<line number="505" hits="202"/>
						<line number="508" hits="221"/>
						<line number="514" hits="5"/>
						<line number="516" hits="10"/>
						<line number="517" hits="0"/>
						<line number="519" hits="5"/>
						<line number="520" hits="5"/>
						<line number="521" hits="5"/>
						<line number="522" hits="5"/>
						<line number="525" hits="5"/>
						<line number="531" hits="8"/>
						<line number="533" hits="16"/>
						<line number="534" hits="0"/>
						<line number="536" hits="8"/>
						<line number="537" hits="8"/>
						<line number="538" hits="8"/>
						<line number="539" hits="8"/>
						<line number="542" hits="8"/>
						<line number="566" hits="344"/>
						<line number="567" hits="175"/>
						<line number="568" hits="344"/>
						<line number="592" hits="0"/>
						<line number="598" hits="796"/>
						<line number="599" hits="0"/>
						<line number="601" hits="796"/>
						<line number="603" hits="796"/>
						<line number="609" hits="0"/>
						<line number="610" hits="0"/>
						<line number="611" hits="0"/>
						<line number="613" hits="0"/>
						<line number="615" hits="0"/>
						<line number="636" hits="0"/>
						<line number="637" hits="0"/>
						<line number="643" hits="0"/>
						<line number="646" hits="0"/>
						<line number="647" hits="0"/>
						<line number="648" hits="0"/>
						<line number="652" hits="0"/>
						<line number="655" hits="0"/>
						<line number="658" hits="0"/>
						<line number="659" hits="0"/>
						<line number="663" hits="0"/>
						<line number="664" hits="0"/>
						<line number="665" hits="0"/>
						<line number="666" hits="0"/>
						<line number="667" hits="0"/>
						<line number="669" hits="0"/>
						<line number="673" hits="0"/>
						<line number="674" hits="0"/>
						<line number="675" hits="0"/>
						<line number="676" hits="0"/>
						<line number="678" hits="0"/>
						<line number="684" hits="0"/>
						<line number="705" hits="51"/>
						<line number="706" hits="51"/>
						<line number="707" hits="51"/>
						<line number="713" hits="102"/>
						<line number="716" hits="204"/>
						<line number="717" hits="51"/>
						<line number="718" hits="0"/>
						<line number="722" hits="51"/>
						<line number="725" hits="0"/>
						<line number="728" hits="0"/>
						<line number="729" hits="0"/>
						<line number="733" hits="0"/>
						<line number="734" hits="0"/>
						<line number="735" hits="0"/>
						<line number="736" hits="0"/>
						<line number="737" hits="0"/>
						<line number="739" hits="0"/>
						<line number="743" hits="0"/>
						<line number="744" hits="0"/>
						<line number="745" hits="0"/>
						<line number="746" hits="0"/>
						<line number="748" hits="0"/>
						<line number="755" hits="51"/>
						<line number="780" hits="42"/>
						<line number="781" hits="42"/>
						<line number="782" hits="42"/>
						<line number="784" hits="84"/>
						<line number="786" hits="42"/>
						<line number="787" hits="84"/>
						<line number="788" hits="42"/>
						<line number="791" hits="42"/>
						<line number="792" hits="42"/>
						<line number="830" hits="42"/>
						<line number="831" hits="42"/>
						<line number="832" hits="42"/>
						<line number="834" hits="84"/>
						<line number="837" hits="84"/>
						<line number="838" hits="42"/>
						<line number="839" hits="42"/>
						<line number="841" hits="42"/>
						<line number="842" hits="42"/>
						<line number="843" hits="42"/>
						<line number="844" hits="84"/>
						<line number="846" hits="0"/>
						<line number="847" hits="0"/>
						<line number="848" hits="0"/>
						<line number="851" hits="0"/>
						<line number="852" hits="0"/>
						<line number="855" hits="42"/>
						<line number="879" hits="1212"/>
						<line number="881" hits="0"/>
						<line number="882" hits="0"/>
						<line number="884" hits="0"/>
						<line number="885" hits="0"/>
						<line number="886" hits="0"/>
						<line number="889" hits="0"/>
						<line number="890" hits="0"/>
						<line number="920" hits="1176"/>
						<line number="922" hits="0"/>
						<line number="923" hits="0"/>
						<line number="926" hits="0"/>
						<line number="927" hits="0"/>
						<line number="928" hits="0"/>
						<line number="930" hits="0"/>
						<line number="931" hits="0"/>
						<line number="932" hits="0"/>
						<line number="933" hits="0"/>
						<line number="934" hits="0"/>
						<line number="936" hits="0"/>
						<line number="939" hits="0"/>
						<line number="963" hits="0"/>
						<line number="964" hits="0"/>
						<line number="995" hits="0"/>
						<line number="996" hits="0"/>
						<line number="1002" hits="0"/>
						<line number="1003" hits="0"/>
						<line number="1006" hits="0"/>
						<line number="1007" hits="0"/>
						<line number="1013" hits="0"/>
						<line number="1014" hits="0"/>
						<line number="1017" hits="0"/>
						<line number="1018" hits="0"/>
						<line number="1024" hits="0"/>
						<line number="1025" hits="0"/>
						<line number="1027" hits="0"/>
						<line number="1028" hits="0"/>
						<line number="1030" hits="0"/>
						<line number="1032" hits="0"/>
						<line number="1033" hits="0"/>
						<line number="1034" hits="0"/>
						<line number="1035" hits="0"/>
						<line number="1036" hits="0"/>
						<line number="1039" hits="0"/>
						<line number="1041" hits="0"/>
						<line number="1044" hits="0"/>
						<line number="1045" hits="0"/>
						<line number="1046" hits="0"/>
						<line number="1048" hits="0"/>
						<line number="1049" hits="0"/>
						<line number="1052" hits="0"/>
						<line number="1053" hits="0"/>
						<line number="1054" hits="0"/>
						<line number="1056" hits="0"/>
						<line number="1057" hits="0"/>
						<line number="1058" hits="0"/>
						<line number="1059" hits="0"/>
						<line number="1060" hits="0"/>
						<line number="1061" hits="0"/>
						<line number="1062" hits="0"/>
						<line number="1064" hits="0"/>
						<line number="1067" hits="0"/>
					</lines>
				</class>
				<class name="export_yaml_391_properties" filename="tmp/export_yaml_391.properties" line-rate="1.000">
					<lines>
						<line number="1" hits="84"/>
						<line number="2" hits="84"/>
						<line number="3" hits="84"/>
						<line number="4" hits="84"/>
						<line number="5" hits="84"/>
						<line number="6" hits="84"/>
					</lines>
				</class>
				<class name="export_yaml_15524_properties" filename="tmp/export_yaml_15524.properties" line-rate="1.000">
					<lines>
						<line number="1" hits="4"/>
						<line number="2" hits="4"/>
						<line number="3" hits="4"/>
						<line number="4" hits="4"/>
						<line number="5" hits="4"/>
						<line number="6" hits="4"/>
					</lines>
				</class>
				<class name="integration_test_sh" filename="source/build/product/integration_test.sh" line-rate="0.917">
					<lines>
						<line number="11" hits="6"/>
						<line number="12" hits="12"/>
						<line number="14" hits="9"/>
						<line number="15" hits="3"/>
						<line number="21" hits="3"/>
						<line number="22" hits="0"/>
						<line number="23" hits="0"/>
						<line number="26" hits="3"/>
						<line number="27" hits="3"/>
						<line number="28" hits="0"/>
						<line number="29" hits="0"/>
						<line number="36" hits="6"/>
						<line number="38" hits="3"/>
						<line number="39" hits="3"/>
						<line number="40" hits="4"/>
						<line number="41" hits="3"/>
						<line number="43" hits="3"/>
						<line number="44" hits="3"/>
						<line number="47" hits="3"/>
						<line number="48" hits="3"/>
						<line number="49" hits="3"/>
						<line number="50" hits="3"/>
						<line number="51" hits="3"/>
						<line number="52" hits="3"/>
						<line number="53" hits="3"/>
						<line number="56" hits="3"/>
						<line number="57" hits="3"/>
						<line number="60" hits="3"/>
						<line number="61" hits="6"/>
						<line number="67" hits="3"/>
						<line number="68" hits="3"/>
						<line number="70" hits="3"/>
						<line number="71" hits="3"/>
						<line number="72" hits="3"/>
						<line number="73" hits="3"/>
						<line number="74" hits="3"/>
						<line number="75" hits="3"/>
						<line number="77" hits="3"/>
						<line number="78" hits="3"/>
						<line number="79" hits="3"/>
						<line number="81" hits="3"/>
						<line number="82" hits="3"/>
						<line number="83" hits="3"/>
						<line number="89" hits="3"/>
						<line number="90" hits="3"/>
						<line number="92" hits="3"/>
						<line number="93" hits="3"/>
						<line number="94" hits="3"/>
						<line number="96" hits="3"/>
						<line number="97" hits="3"/>
						<line number="98" hits="3"/>
						<line number="100" hits="3"/>
						<line number="101" hits="3"/>
						<line number="102" hits="3"/>
						<line number="108" hits="3"/>
						<line number="109" hits="3"/>
						<line number="111" hits="3"/>
						<line number="112" hits="3"/>
						<line number="113" hits="5"/>
						<line number="115" hits="4"/>
						<line number="116" hits="2"/>
						<line number="118" hits="4"/>
						<line number="119" hits="2"/>
						<line number="121" hits="4"/>
						<line number="122" hits="2"/>
						<line number="124" hits="4"/>
						<line number="125" hits="2"/>
						<line number="131" hits="2"/>
						<line number="132" hits="2"/>
						<line number="135" hits="2"/>
						<line number="136" hits="2"/>
						<line number="137" hits="2"/>
						<line number="138" hits="2"/>
						<line number="141" hits="2"/>
						<line number="142" hits="2"/>
						<line number="143" hits="2"/>
						<line number="144" hits="2"/>
						<line number="147" hits="2"/>
						<line number="148" hits="2"/>
						<line number="149" hits="2"/>
						<line number="150" hits="2"/>
						<line number="153" hits="2"/>
						<line number="154" hits="2"/>
						<line number="155" hits="2"/>
						<line number="156" hits="2"/>
						<line number="159" hits="2"/>
						<line number="160" hits="2"/>
						<line number="161" hits="2"/>
						<line number="162" hits="2"/>
						<line number="165" hits="2"/>
						<line number="166" hits="2"/>
						<line number="167" hits="2"/>
						<line number="168" hits="2"/>
						<line number="174" hits="2"/>
						<line number="175" hits="0"/>
						<line number="176" hits="0"/>
						<line number="178" hits="0"/>
						<line number="179" hits="0"/>
						<line number="180" hits="0"/>
						<line number="182" hits="0"/>
						<line number="188" hits="2"/>
						<line number="189" hits="2"/>
						<line number="192" hits="2"/>
						<line number="193" hits="2"/>
						<line number="194" hits="2"/>
						<line number="196" hits="2"/>
						<line number="197" hits="2"/>
						<line number="198" hits="2"/>
[...]
						<line number="119" hits="2"/>
						<line number="120" hits="0"/>
						<line number="123" hits="2"/>
						<line number="124" hits="2"/>
						<line number="125" hits="0"/>
						<line number="126" hits="2"/>
						<line number="127" hits="2"/>
						<line number="128" hits="2"/>
						<line number="129" hits="2"/>
						<line number="130" hits="2"/>
						<line number="131" hits="2"/>
						<line number="132" hits="0"/>
						<line number="137" hits="0"/>
						<line number="138" hits="2"/>
						<line number="139" hits="2"/>
						<line number="140" hits="2"/>
						<line number="141" hits="2"/>
						<line number="142" hits="2"/>
						<line number="143" hits="2"/>
						<line number="144" hits="2"/>
						<line number="145" hits="0"/>
						<line number="147" hits="2"/>
						<line number="148" hits="2"/>
						<line number="149" hits="2"/>
						<line number="179" hits="4"/>
						<line number="180" hits="4"/>
						<line number="181" hits="4"/>
						<line number="182" hits="4"/>
						<line number="183" hits="4"/>
						<line number="186" hits="4"/>
						<line number="187" hits="0"/>
						<line number="188" hits="0"/>
						<line number="189" hits="0"/>
						<line number="193" hits="4"/>
						<line number="195" hits="4"/>
						<line number="196" hits="4"/>
						<line number="199" hits="4"/>
						<line number="200" hits="4"/>
						<line number="201" hits="4"/>
						<line number="202" hits="4"/>
						<line number="203" hits="4"/>
						<line number="207" hits="0"/>
						<line number="208" hits="4"/>
						<line number="209" hits="4"/>
						<line number="210" hits="4"/>
						<line number="211" hits="4"/>
						<line number="212" hits="0"/>
						<line number="215" hits="20"/>
						<line number="216" hits="12"/>
						<line number="217" hits="12"/>
						<line number="219" hits="0"/>
						<line number="220" hits="4"/>
						<line number="221" hits="4"/>
						<line number="222" hits="4"/>
						<line number="223" hits="4"/>
						<line number="224" hits="4"/>
						<line number="225" hits="4"/>
						<line number="226" hits="4"/>
						<line number="227" hits="4"/>
						<line number="228" hits="0"/>
						<line number="233" hits="0"/>
						<line number="234" hits="4"/>
						<line number="235" hits="4"/>
						<line number="236" hits="4"/>
						<line number="237" hits="4"/>
						<line number="238" hits="4"/>
						<line number="239" hits="4"/>
						<line number="240" hits="4"/>
						<line number="241" hits="0"/>
						<line number="244" hits="4"/>
						<line number="245" hits="14"/>
						<line number="246" hits="12"/>
						<line number="247" hits="12"/>
						<line number="248" hits="4"/>
						<line number="253" hits="4"/>
						<line number="255" hits="4"/>
						<line number="256" hits="4"/>
						<line number="257" hits="4"/>
						<line number="280" hits="8"/>
						<line number="281" hits="8"/>
						<line number="282" hits="8"/>
						<line number="283" hits="8"/>
						<line number="286" hits="8"/>
						<line number="287" hits="0"/>
						<line number="288" hits="0"/>
						<line number="289" hits="0"/>
						<line number="293" hits="8"/>
						<line number="295" hits="8"/>
						<line number="296" hits="8"/>
						<line number="299" hits="8"/>
						<line number="300" hits="8"/>
						<line number="301" hits="8"/>
						<line number="302" hits="8"/>
						<line number="303" hits="8"/>
						<line number="307" hits="0"/>
						<line number="308" hits="8"/>
						<line number="309" hits="8"/>
						<line number="310" hits="8"/>
						<line number="311" hits="8"/>
						<line number="312" hits="0"/>
						<line number="315" hits="32"/>
						<line number="316" hits="12"/>
						<line number="317" hits="12"/>
						<line number="318" hits="12"/>
						<line number="320" hits="0"/>
						<line number="321" hits="4"/>
						<line number="322" hits="4"/>
						<line number="323" hits="4"/>
						<line number="324" hits="4"/>
						<line number="325" hits="4"/>
						<line number="326" hits="4"/>
						<line number="327" hits="4"/>
						<line number="328" hits="4"/>
						<line number="329" hits="4"/>
						<line number="330" hits="0"/>
						<line number="335" hits="0"/>
						<line number="336" hits="8"/>
						<line number="337" hits="8"/>
						<line number="338" hits="8"/>
						<line number="339" hits="8"/>
						<line number="340" hits="8"/>
						<line number="341" hits="8"/>
						<line number="342" hits="8"/>
						<line number="343" hits="0"/>
						<line number="346" hits="8"/>
						<line number="348" hits="8"/>
						<line number="349" hits="8"/>
						<line number="350" hits="8"/>
					</lines>
				</class>
				<class name="export_yaml_1976_properties" filename="tmp/export_yaml_1976.properties" line-rate="1.000">
					<lines>
						<line number="1" hits="4"/>
						<line number="2" hits="4"/>
						<line number="3" hits="4"/>
						<line number="4" hits="4"/>
						<line number="5" hits="4"/>
						<line number="6" hits="4"/>
					</lines>
				</class>
				<class name="export_yaml_6023_properties" filename="tmp/export_yaml_6023.properties" line-rate="1.000">
					<lines>
						<line number="1" hits="4"/>
						<line number="2" hits="4"/>
						<line number="3" hits="4"/>
						<line number="4" hits="4"/>
						<line number="5" hits="4"/>
						<line number="6" hits="4"/>
					</lines>
				</class>
				<class name="init" filename="source/dist/test/stfw/bin/cmd/init" line-rate="0.718">
					<lines>
						<line number="11" hits="6"/>
						<line number="12" hits="9"/>
						<line number="15" hits="12"/>
						<line number="16" hits="3"/>
						<line number="19" hits="3"/>
						<line number="21" hits="9"/>
						<line number="28" hits="0"/>
						<line number="33" hits="0"/>
						<line number="37" hits="0"/>
						<line number="41" hits="3"/>
						<line number="43" hits="3"/>
						<line number="44" hits="0"/>
						<line number="45" hits="0"/>
						<line number="49" hits="3"/>
						<line number="50" hits="3"/>
						<line number="53" hits="3"/>
						<line number="54" hits="3"/>
						<line number="55" hits="3"/>
						<line number="56" hits="3"/>
						<line number="57" hits="3"/>
						<line number="58" hits="3"/>
						<line number="59" hits="3"/>
						<line number="60" hits="3"/>
						<line number="62" hits="3"/>
						<line number="63" hits="3"/>
						<line number="73" hits="3"/>
						<line number="74" hits="3"/>
						<line number="76" hits="0"/>
						<line number="77" hits="0"/>
						<line number="81" hits="0"/>
						<line number="82" hits="0"/>
						<line number="86" hits="0"/>
						<line number="87" hits="0"/>
						<line number="91" hits="3"/>
						<line number="100" hits="3"/>
						<line number="103" hits="3"/>
						<line number="104" hits="3"/>
						<line number="106" hits="3"/>
						<line number="107" hits="3"/>
					</lines>
				</class>
				<class name="export_yaml_839_properties" filename="tmp/export_yaml_839.properties" line-rate="1.000">
					<lines>
						<line number="1" hits="4"/>
						<line number="2" hits="4"/>
						<line number="3" hits="4"/>
						<line number="4" hits="4"/>
						<line number="5" hits="4"/>
						<line number="6" hits="4"/>
					</lines>
				</class>
				<class name="gen_encrypt_key" filename="source/dist/test/stfw/bin/cmd/gen-encrypt-key" line-rate="0.645">
					<lines>
						<line number="11" hits="12"/>
						<line number="12" hits="18"/>
						<line number="15" hits="24"/>
						<line number="16" hits="6"/>
						<line number="18" hits="18"/>
						<line number="25" hits="0"/>
						<line number="30" hits="0"/>
						<line number="37" hits="0"/>
						<line number="48" hits="6"/>
						<line number="50" hits="9"/>
						<line number="51" hits="9"/>
						<line number="53" hits="0"/>
						<line number="54" hits="0"/>
						<line number="58" hits="0"/>
						<line number="59" hits="0"/>
						<line number="63" hits="3"/>
						<line number="64" hits="3"/>
						<line number="68" hits="0"/>
						<line number="69" hits="0"/>
						<line number="73" hits="6"/>
						<line number="82" hits="6"/>
						<line number="84" hits="6"/>
						<line number="85" hits="3"/>
						<line number="86" hits="0"/>
						<line number="87" hits="0"/>
						<line number="91" hits="3"/>
						<line number="95" hits="6"/>
						<line number="96" hits="12"/>
						<line number="97" hits="6"/>
						<line number="99" hits="6"/>
						<line number="100" hits="6"/>
					</lines>
				</class>
				<class name="export_yaml_1122_properties" filename="tmp/export_yaml_1122.properties" line-rate="1.000">
					<lines>
						<line number="1" hits="4"/>
						<line number="2" hits="4"/>
						<line number="3" hits="4"/>
						<line number="4" hits="4"/>
						<line number="5" hits="4"/>
						<line number="6" hits="4"/>
					</lines>
				</class>
				<class name="export_yaml_1406_properties" filename="tmp/export_yaml_1406.properties" line-rate="1.000">
					<lines>
						<line number="1" hits="4"/>
						<line number="2" hits="4"/>
						<line number="3" hits="4"/>
						<line number="4" hits="4"/>
						<line number="5" hits="4"/>
						<line number="6" hits="4"/>
					</lines>
				</class>
				<class name="export_yaml_2257_properties" filename="tmp/export_yaml_2257.properties" line-rate="1.000">
					<lines>
						<line number="1" hits="4"/>
						<line number="2" hits="4"/>
						<line number="3" hits="4"/>
						<line number="4" hits="4"/>
						<line number="5" hits="4"/>
						<line number="6" hits="4"/>
					</lines>
				</class>
				<class name="passwd" filename="source/dist/test/stfw/bin/cmd/passwd" line-rate="0.812">
					<lines>
						<line number="11" hits="18"/>
						<line number="12" hits="27"/>
						<line number="15" hits="36"/>
						<line number="16" hits="9"/>
						<line number="18" hits="27"/>
						<line number="25" hits="0"/>
						<line number="30" hits="0"/>
						<line number="38" hits="0"/>
						<line number="42" hits="6"/>
						<line number="44" hits="6"/>
						<line number="45" hits="6"/>
						<line number="46" hits="6"/>
						<line number="47" hits="6"/>
						<line number="49" hits="12"/>
						<line number="52" hits="6"/>
						<line number="53" hits="3"/>
						<line number="54" hits="0"/>
						<line number="55" hits="0"/>
						<line number="58" hits="3"/>
						<line number="61" hits="12"/>
						<line number="62" hits="9"/>
						<line number="64" hits="6"/>
						<line number="65" hits="6"/>
						<line number="66" hits="6"/>
						<line number="68" hits="6"/>
						<line number="69" hits="6"/>
						<line number="70" hits="6"/>
						<line number="75" hits="3"/>
						<line number="77" hits="3"/>
						<line number="78" hits="3"/>
						<line number="80" hits="3"/>
						<line number="81" hits="3"/>
						<line number="83" hits="3"/>
						<line number="84" hits="3"/>
						<line number="95" hits="9"/>
						<line number="97" hits="9"/>
						<line number="99" hits="15"/>
						<line number="100" hits="15"/>
						<line number="102" hits="0"/>
						<line number="103" hits="0"/>
						<line number="107" hits="0"/>
						<line number="108" hits="0"/>
						<line number="112" hits="3"/>
						<line number="113" hits="3"/>
						<line number="117" hits="3"/>
						<line number="118" hits="3"/>
						<line number="122" hits="0"/>
						<line number="123" hits="0"/>
						<line number="127" hits="9"/>
						<line number="136" hits="9"/>
						<line number="142" hits="9"/>
						<line number="144" hits="6"/>
						<line number="145" hits="6"/>
						<line number="146" hits="6"/>
						<line number="147" hits="6"/>
						<line number="148" hits="6"/>
						<line number="152" hits="3"/>
						<line number="153" hits="3"/>
						<line number="154" hits="3"/>
						<line number="155" hits="3"/>
						<line number="159" hits="0"/>
						<line number="162" hits="9"/>
						<line number="164" hits="9"/>
						<line number="165" hits="9"/>
					</lines>
				</class>
				<class name="stfw_digdag_utils" filename="source/dist/test/stfw/bin/lib/stfw_digdag_utils" line-rate="0.699">
					<lines>
						<line number="24" hits="20"/>
						<line number="31" hits="10"/>
						<line number="53" hits="0"/>
						<line number="55" hits="0"/>
						<line number="56" hits="0"/>
						<line number="57" hits="0"/>
						<line number="59" hits="0"/>
						<line number="61" hits="0"/>
						<line number="62" hits="0"/>
						<line number="64" hits="0"/>
						<line number="65" hits="0"/>
						<line number="66" hits="0"/>
						<line number="67" hits="0"/>
						<line number="69" hits="0"/>
						<line number="70" hits="0"/>
						<line number="72" hits="0"/>
						<line number="73" hits="0"/>
						<line number="98" hits="2"/>
						<line number="100" hits="2"/>
						<line number="101" hits="2"/>
						<line number="102" hits="2"/>
						<line number="103" hits="2"/>
						<line number="105" hits="2"/>
						<line number="107" hits="2"/>
						<line number="108" hits="2"/>
						<line number="110" hits="0"/>
						<line number="111" hits="0"/>
						<line number="112" hits="0"/>
						<line number="113" hits="0"/>
						<line number="114" hits="4"/>
						<line number="115" hits="2"/>
						<line number="116" hits="2"/>
						<line number="117" hits="2"/>
						<line number="119" hits="2"/>
						<line number="120" hits="2"/>
						<line number="122" hits="2"/>
						<line number="123" hits="2"/>
						<line number="148" hits="2"/>
						<line number="150" hits="2"/>
						<line number="151" hits="2"/>
						<line number="152" hits="2"/>
						<line number="154" hits="2"/>
						<line number="156" hits="0"/>
						<line number="157" hits="0"/>
						<line number="158" hits="0"/>
						<line number="159" hits="0"/>
						<line number="160" hits="4"/>
						<line number="161" hits="2"/>
						<line number="162" hits="2"/>
						<line number="163" hits="2"/>
						<line number="164" hits="2"/>
						<line number="166" hits="2"/>
						<line number="167" hits="2"/>
						<line number="190" hits="4"/>
						<line number="213" hits="2"/>
						<line number="215" hits="4"/>
						<line number="216" hits="4"/>
						<line number="217" hits="4"/>
						<line number="218" hits="4"/>
						<line number="220" hits="2"/>
						<line number="221" hits="2"/>
						<line number="222" hits="2"/>
						<line number="223" hits="2"/>
						<line number="247" hits="2"/>
						<line number="248" hits="2"/>
						<line number="249" hits="2"/>
						<line number="251" hits="2"/>
						<line number="252" hits="2"/>
						<line number="254" hits="2"/>
						<line number="255" hits="2"/>
						<line number="256" hits="2"/>
						<line number="257" hits="2"/>
						<line number="259" hits="2"/>
						<line number="260" hits="2"/>
						<line number="262" hits="2"/>
						<line number="263" hits="2"/>
						<line number="286" hits="2"/>
						<line number="289" hits="2"/>
						<line number="290" hits="0"/>
						<line number="293" hits="2"/>
						<line number="294" hits="2"/>
						<line number="295" hits="6"/>
						<line number="296" hits="2"/>
						<line number="298" hits="4"/>
						<line number="302" hits="0"/>
						<line number="303" hits="0"/>
						<line number="304" hits="0"/>
						<line number="305" hits="0"/>
						<line number="306" hits="0"/>
						<line number="307" hits="0"/>
						<line number="308" hits="0"/>
						<line number="309" hits="0"/>
						<line number="310" hits="0"/>
						<line number="311" hits="0"/>
						<line number="312" hits="4"/>
						<line number="313" hits="2"/>
						<line number="314" hits="2"/>
						<line number="315" hits="2"/>
						<line number="317" hits="2"/>
						<line number="318" hits="2"/>
						<line number="321" hits="2"/>
						<line number="322" hits="2"/>
						<line number="324" hits="2"/>
						<line number="325" hits="0"/>
						<line number="326" hits="0"/>
						<line number="328" hits="2"/>
						<line number="330" hits="2"/>
						<line number="331" hits="2"/>
						<line number="354" hits="2"/>
						<line number="355" hits="2"/>
						<line number="358" hits="4"/>
						<line number="359" hits="4"/>
						<line number="360" hits="2"/>
						<line number="361" hits="2"/>
						<line number="365" hits="2"/>
						<line number="366" hits="2"/>
						<line number="368" hits="2"/>
						<line number="369" hits="2"/>
						<line number="393" hits="6"/>
						<line number="396" hits="6"/>
						<line number="397" hits="2"/>
						<line number="398" hits="2"/>
						<line number="399" hits="2"/>
						<line number="403" hits="8"/>
						<line number="404" hits="8"/>
						<line number="406" hits="0"/>
						<line number="407" hits="0"/>
						<line number="408" hits="0"/>
						<line number="409" hits="0"/>
						<line number="413" hits="4"/>
						<line number="415" hits="4"/>
						<line number="416" hits="4"/>
						<line number="439" hits="10"/>
						<line number="440" hits="10"/>
						<line number="441" hits="10"/>
						<line number="443" hits="10"/>
						<line number="444" hits="10"/>
						<line number="445" hits="10"/>
						<line number="469" hits="2"/>
						<line number="470" hits="2"/>
						<line number="472" hits="2"/>
						<line number="473" hits="2"/>
						<line number="475" hits="2"/>
						<line number="477" hits="0"/>
						<line number="478" hits="0"/>
						<line number="479" hits="0"/>
						<line number="480" hits="0"/>
						<line number="481" hits="0"/>
						<line number="482" hits="0"/>
						<line number="484" hits="0"/>
						<line number="485" hits="0"/>
						<line number="486" hits="0"/>
						<line number="488" hits="2"/>
						<line number="490" hits="14"/>
						<line number="491" hits="8"/>
						<line number="493" hits="8"/>
						<line number="494" hits="2"/>
						<line number="518" hits="10"/>
						<line number="519" hits="10"/>
						<line number="521" hits="0"/>
						<line number="531" hits="10"/>
						<line number="532" hits="30"/>
						<line number="533" hits="6"/>
						<line number="534" hits="6"/>
						<line number="537" hits="4"/>
						<line number="538" hits="4"/>
					</lines>
				</class>
				<class name="stfw_inventry_utils" filename="source/dist/test/stfw/bin/lib/stfw_inventry_utils" line-rate="0.795">
					<lines>
						<line number="39" hits="22"/>
						<line number="46" hits="11"/>
						<line number="48" hits="11"/>
						<line number="71" hits="10"/>
						<line number="72" hits="10"/>
						<line number="73" hits="10"/>
						<line number="76" hits="10"/>
						<line number="77" hits="0"/>
						<line number="78" hits="0"/>
						<line number="81" hits="10"/>
						<line number="82" hits="0"/>
						<line number="83" hits="0"/>
						<line number="87" hits="10"/>
						<line number="88" hits="12"/>
						<line number="91" hits="10"/>
						<line number="92" hits="10"/>
						<line number="94" hits="10"/>
						<line number="95" hits="10"/>
						<line number="96" hits="10"/>
						<line number="97" hits="10"/>
						<line number="98" hits="10"/>
						<line number="99" hits="10"/>
						<line number="101" hits="10"/>
						<line number="102" hits="10"/>
						<line number="127" hits="4"/>
						<line number="128" hits="4"/>
						<line number="129" hits="4"/>
						<line number="132" hits="4"/>
						<line number="133" hits="0"/>
						<line number="134" hits="0"/>
						<line number="137" hits="4"/>
						<line number="138" hits="0"/>
						<line number="139" hits="0"/>
						<line number="143" hits="8"/>
						<line number="144" hits="4"/>
						<line number="145" hits="2"/>
						<line number="147" hits="2"/>
						<line number="150" hits="4"/>
						<line number="151" hits="4"/>
					</lines>
				</class>
				<class name="export_yaml_1691_properties" filename="tmp/export_yaml_1691.properties" line-rate="1.000">
					<lines>
						<line number="1" hits="4"/>
						<line number="2" hits="4"/>
						<line number="3" hits="4"/>
						<line number="4" hits="4"/>
						<line number="5" hits="4"/>
						<line number="6" hits="4"/>
					</lines>
				</class>
			</classes>
		</package>
	</packages>
</coverage>
