<?xml version="1.0" ?>
<!DOCTYPE coverage SYSTEM 'http://cobertura.sourceforge.net/xml/coverage-03.dtd'>
<coverage line-rate="0.530" version="1.9" timestamp="1517472142">
	<sources>
		<source>/</source>
	</sources>
	<packages>
		<package name="integration_test_sh" line-rate="0.530" branch-rate="1.0" complexity="1.0">
			<classes>
				<class name="export_yaml_15526_properties" filename="tmp/export_yaml_15526.properties" line-rate="1.000">
					<lines>
						<line number="1" hits="4"/>
						<line number="2" hits="4"/>
						<line number="3" hits="4"/>
						<line number="4" hits="4"/>
						<line number="5" hits="4"/>
						<line number="6" hits="4"/>
					</lines>
				</class>
				<class name="digdag" filename="source/dist/test/stfw/modules/digdag" line-rate="0.038">
					<lines>
						<line number="2" hits="3"/>
						<line number="95" hits="3"/>
						<line number="96" hits="3"/>
						<line number="97" hits="3"/>
						<line number="99" hits="3"/>
						<line number="100" hits="3"/>
						<line number="102" hits="0"/>
						<line number="103" hits="0"/>
						<line number="104" hits="0"/>
						<line number="107" hits="0"/>
						<line number="108" hits="0"/>
						<line number="109" hits="0"/>
						<line number="112" hits="0"/>
						<line number="113" hits="0"/>
						<line number="114" hits="0"/>
						<line number="116" hits="0"/>
						<line number="117" hits="0"/>
						<line number="118" hits="0"/>
						<line number="119" hits="0"/>
						<line number="120" hits="0"/>
						<line number="122" hits="0"/>
						<line number="124" hits="0"/>
						<line number="127" hits="3"/>
						<line number="132" hits="3"/>
						<line number="133" hits="0"/>
						<line number="135" hits="3"/>
						<line number="138" hits="3"/>
						<line number="139" hits="0"/>
						<line number="140" hits="0"/>
						<line number="141" hits="0"/>
						<line number="143" hits="0"/>
						<line number="144" hits="0"/>
						<line number="145" hits="0"/>
						<line number="146" hits="0"/>
						<line number="147" hits="0"/>
						<line number="148" hits="0"/>
						<line number="149" hits="0"/>
						<line number="150" hits="0"/>
						<line number="151" hits="0"/>
						<line number="152" hits="0"/>
						<line number="153" hits="0"/>
						<line number="154" hits="0"/>
						<line number="155" hits="0"/>
						<line number="156" hits="0"/>
						<line number="157" hits="0"/>
						<line number="158" hits="0"/>
						<line number="159" hits="0"/>
						<line number="160" hits="0"/>
						<line number="161" hits="0"/>
						<line number="162" hits="0"/>
						<line number="163" hits="0"/>
						<line number="164" hits="0"/>
						<line number="165" hits="0"/>
						<line number="166" hits="0"/>
						<line number="167" hits="0"/>
						<line number="168" hits="0"/>
						<line number="169" hits="0"/>
						<line number="170" hits="0"/>
						<line number="171" hits="0"/>
						<line number="172" hits="0"/>
						<line number="173" hits="0"/>
						<line number="174" hits="0"/>
						<line number="175" hits="0"/>
						<line number="176" hits="0"/>
						<line number="177" hits="0"/>
						<line number="178" hits="0"/>
						<line number="179" hits="0"/>
						<line number="180" hits="0"/>
						<line number="181" hits="0"/>
						<line number="182" hits="0"/>
						<line number="183" hits="0"/>
						<line number="184" hits="0"/>
						<line number="185" hits="0"/>
						<line number="186" hits="0"/>
						<line number="187" hits="0"/>
						<line number="188" hits="0"/>
						<line number="189" hits="0"/>
						<line number="190" hits="0"/>
						<line number="191" hits="0"/>
						<line number="192" hits="0"/>
						<line number="193" hits="0"/>
						<line number="194" hits="0"/>
						<line number="195" hits="0"/>
						<line number="196" hits="0"/>
						<line number="197" hits="0"/>
						<line number="198" hits="0"/>
						<line number="199" hits="0"/>
						<line number="200" hits="0"/>
						<line number="201" hits="0"/>
						<line number="202" hits="0"/>
						<line number="203" hits="0"/>
						<line number="204" hits="0"/>
						<line number="205" hits="0"/>
						<line number="206" hits="0"/>
						<line number="207" hits="0"/>
						<line number="208" hits="0"/>
						<line number="209" hits="0"/>
						<line number="210" hits="0"/>
						<line number="211" hits="0"/>
						<line number="212" hits="0"/>
						<line number="213" hits="0"/>
						<line number="214" hits="0"/>
						<line number="215" hits="0"/>
						<line number="216" hits="0"/>
						<line number="217" hits="0"/>
						<line number="218" hits="0"/>
						<line number="219" hits="0"/>
						<line number="220" hits="0"/>
						<line number="221" hits="0"/>
						<line number="222" hits="0"/>
						<line number="223" hits="0"/>
						<line number="224" hits="0"/>
						<line number="225" hits="0"/>
						<line number="226" hits="0"/>
						<line number="227" hits="0"/>
						<line number="228" hits="0"/>
						<line number="229" hits="0"/>
						<line number="230" hits="0"/>
						<line number="231" hits="0"/>
						<line number="232" hits="0"/>
						<line number="233" hits="0"/>
						<line number="234" hits="0"/>
						<line number="235" hits="0"/>
						<line number="236" hits="0"/>
						<line number="237" hits="0"/>
						<line number="238" hits="0"/>
						<line number="239" hits="0"/>
						<line number="240" hits="0"/>
						<line number="241" hits="0"/>
						<line number="242" hits="0"/>
						<line number="243" hits="0"/>
						<line number="244" hits="0"/>
						<line number="245" hits="0"/>
						<line number="246" hits="0"/>
						<line number="247" hits="0"/>
						<line number="248" hits="0"/>
						<line number="249" hits="0"/>
						<line number="250" hits="0"/>
						<line number="251" hits="0"/>
						<line number="252" hits="0"/>
						<line number="253" hits="0"/>
						<line number="254" hits="0"/>
						<line number="255" hits="0"/>
						<line number="256" hits="0"/>
						<line number="257" hits="0"/>
						<line number="258" hits="0"/>
						<line number="259" hits="0"/>
						<line number="260" hits="0"/>
						<line number="261" hits="0"/>
						<line number="262" hits="0"/>
						<line number="263" hits="0"/>
						<line number="264" hits="0"/>
						<line number="265" hits="0"/>
						<line number="266" hits="0"/>
						<line number="267" hits="0"/>
						<line number="268" hits="0"/>
						<line number="269" hits="0"/>
						<line number="270" hits="0"/>
						<line number="271" hits="0"/>
						<line number="272" hits="0"/>
						<line number="273" hits="0"/>
						<line number="274" hits="0"/>
						<line number="275" hits="0"/>
						<line number="276" hits="0"/>
						<line number="277" hits="0"/>
						<line number="278" hits="0"/>
						<line number="279" hits="0"/>
						<line number="280" hits="0"/>
						<line number="281" hits="0"/>
						<line number="282" hits="0"/>
						<line number="283" hits="0"/>
						<line number="284" hits="0"/>
						<line number="285" hits="0"/>
						<line number="286" hits="0"/>
						<line number="287" hits="0"/>
						<line number="288" hits="0"/>
						<line number="289" hits="0"/>
						<line number="290" hits="0"/>
						<line number="291" hits="0"/>
						<line number="292" hits="0"/>
						<line number="293" hits="0"/>
						<line number="294" hits="0"/>
						<line number="295" hits="0"/>
						<line number="296" hits="0"/>
						<line number="297" hits="0"/>
						<line number="298" hits="0"/>
						<line number="299" hits="0"/>
						<line number="300" hits="0"/>
						<line number="301" hits="0"/>
						<line number="302" hits="0"/>
						<line number="303" hits="0"/>
						<line number="304" hits="0"/>
						<line number="305" hits="0"/>
						<line number="306" hits="0"/>
						<line number="307" hits="0"/>
						<line number="308" hits="0"/>
						<line number="309" hits="0"/>
						<line number="310" hits="0"/>
						<line number="311" hits="0"/>
						<line number="312" hits="0"/>
						<line number="313" hits="0"/>
						<line number="314" hits="0"/>
						<line number="315" hits="0"/>
						<line number="316" hits="0"/>
						<line number="317" hits="0"/>
						<line number="318" hits="0"/>
						<line number="319" hits="0"/>
						<line number="320" hits="0"/>
						<line number="321" hits="0"/>
						<line number="322" hits="0"/>
						<line number="323" hits="0"/>
						<line number="324" hits="0"/>
						<line number="325" hits="0"/>
						<line number="326" hits="0"/>
						<line number="327" hits="0"/>
						<line number="328" hits="0"/>
						<line number="329" hits="0"/>
						<line number="330" hits="0"/>
						<line number="331" hits="0"/>
						<line number="332" hits="0"/>
						<line number="333" hits="0"/>
						<line number="334" hits="0"/>
						<line number="335" hits="0"/>
						<line number="336" hits="0"/>
						<line number="337" hits="0"/>
						<line number="338" hits="0"/>
						<line number="339" hits="0"/>
						<line number="340" hits="0"/>
						<line number="341" hits="0"/>
						<line number="342" hits="0"/>
						<line number="343" hits="0"/>
						<line number="344" hits="0"/>
						<line number="345" hits="0"/>
						<line number="346" hits="0"/>
						<line number="347" hits="0"/>
						<line number="348" hits="0"/>
						<line number="349" hits="0"/>
						<line number="350" hits="0"/>
						<line number="351" hits="0"/>
						<line number="352" hits="0"/>
						<line number="353" hits="0"/>
						<line number="354" hits="0"/>
						<line number="355" hits="0"/>
						<line number="356" hits="0"/>
						<line number="357" hits="0"/>
						<line number="358" hits="0"/>
						<line number="359" hits="0"/>
						<line number="360" hits="0"/>
						<line number="361" hits="0"/>
						<line number="362" hits="0"/>
						<line number="363" hits="0"/>
						<line number="364" hits="0"/>
						<line number="365" hits="0"/>
						<line number="366" hits="0"/>
						<line number="367" hits="0"/>
						<line number="368" hits="0"/>
						<line number="369" hits="0"/>
						<line number="370" hits="0"/>
						<line number="371" hits="0"/>
						<line number="372" hits="0"/>
						<line number="374" hits="0"/>
						<line number="375" hits="0"/>
					</lines>
				</class>
				<class name="export_yaml_6959_properties" filename="tmp/export_yaml_6959.properties" line-rate="1.000">
					<lines>
						<line number="1" hits="4"/>
						<line number="2" hits="4"/>
						<line number="3" hits="4"/>
						<line number="4" hits="4"/>
						<line number="5" hits="4"/>
						<line number="6" hits="4"/>
					</lines>
				</class>
				<class name="export_yaml_6745_properties" filename="tmp/export_yaml_6745.properties" line-rate="1.000">
					<lines>
						<line number="1" hits="4"/>
						<line number="2" hits="4"/>
						<line number="3" hits="4"/>
						<line number="4" hits="4"/>
						<line number="5" hits="4"/>
						<line number="6" hits="4"/>
					</lines>
				</class>
				<class name="export_yaml_6451_properties" filename="tmp/export_yaml_6451.properties" line-rate="1.000">
					<lines>
						<line number="1" hits="4"/>
						<line number="2" hits="4"/>
						<line number="3" hits="4"/>
						<line number="4" hits="4"/>
						<line number="5" hits="4"/>
						<line number="6" hits="4"/>
					</lines>
				</class>
				<class name="export_yaml_5712_properties" filename="tmp/export_yaml_5712.properties" line-rate="1.000">
					<lines>
						<line number="1" hits="4"/>
					</lines>
				</class>
				<class name="export_yaml_4878_properties" filename="tmp/export_yaml_4878.properties" line-rate="1.000">
					<lines>
						<line number="1" hits="4"/>
					</lines>
				</class>
				<class name="export_yaml_5191_properties" filename="tmp/export_yaml_5191.properties" line-rate="1.000">
					<lines>
						<line number="1" hits="4"/>
						<line number="2" hits="4"/>
						<line number="3" hits="4"/>
						<line number="4" hits="4"/>
						<line number="5" hits="4"/>
						<line number="6" hits="4"/>
					</lines>
				</class>
				<class name="process" filename="source/dist/test/stfw/bin/cmd/process" line-rate="0.278">
					<lines>
						<line number="11" hits="4"/>
						<line number="12" hits="6"/>
						<line number="15" hits="8"/>
						<line number="16" hits="2"/>
						<line number="19" hits="2"/>
						<line number="21" hits="6"/>
						<line number="28" hits="0"/>
						<line number="33" hits="0"/>
						<line number="44" hits="0"/>
						<line number="49" hits="2"/>
						<line number="51" hits="2"/>
						<line number="54" hits="2"/>
						<line number="55" hits="2"/>
						<line number="58" hits="4"/>
						<line number="59" hits="2"/>
						<line number="60" hits="4"/>
						<line number="62" hits="2"/>
						<line number="67" hits="2"/>
						<line number="69" hits="2"/>
						<line number="70" hits="2"/>
						<line number="71" hits="2"/>
						<line number="73" hits="2"/>
						<line number="74" hits="2"/>
						<line number="77" hits="4"/>
						<line number="78" hits="0"/>
						<line number="79" hits="0"/>
						<line number="83" hits="2"/>
						<line number="84" hits="0"/>
						<line number="85" hits="0"/>
						<line number="89" hits="4"/>
						<line number="90" hits="2"/>
						<line number="91" hits="2"/>
						<line number="92" hits="2"/>
						<line number="93" hits="2"/>
						<line number="96" hits="4"/>
						<line number="99" hits="2"/>
						<line number="100" hits="2"/>
						<line number="101" hits="4"/>
						<line number="102" hits="2"/>
						<line number="104" hits="2"/>
						<line number="105" hits="2"/>
						<line number="107" hits="2"/>
						<line number="108" hits="2"/>
						<line number="113" hits="0"/>
						<line number="114" hits="0"/>
						<line number="117" hits="0"/>
						<line number="118" hits="0"/>
						<line number="119" hits="0"/>
						<line number="120" hits="0"/>
						<line number="121" hits="0"/>
						<line number="122" hits="0"/>
						<line number="123" hits="0"/>
						<line number="126" hits="0"/>
						<line number="127" hits="0"/>
						<line number="128" hits="0"/>
						<line number="129" hits="0"/>
						<line number="130" hits="0"/>
						<line number="131" hits="0"/>
						<line number="133" hits="0"/>
						<line number="135" hits="0"/>
						<line number="136" hits="0"/>
						<line number="141" hits="0"/>
						<line number="142" hits="0"/>
						<line number="145" hits="0"/>
						<line number="146" hits="0"/>
						<line number="147" hits="0"/>
						<line number="148" hits="0"/>
						<line number="149" hits="0"/>
						<line number="150" hits="0"/>
						<line number="152" hits="0"/>
						<line number="153" hits="0"/>
						<line number="155" hits="0"/>
						<line number="156" hits="0"/>
						<line number="160" hits="0"/>
						<line number="161" hits="0"/>
						<line number="162" hits="0"/>
						<line number="163" hits="0"/>
						<line number="164" hits="0"/>
						<line number="165" hits="0"/>
						<line number="166" hits="0"/>
						<line number="168" hits="0"/>
						<line number="171" hits="0"/>
						<line number="172" hits="0"/>
						<line number="176" hits="0"/>
						<line number="177" hits="0"/>
						<line number="179" hits="0"/>
						<line number="180" hits="0"/>
						<line number="183" hits="0"/>
						<line number="184" hits="0"/>
						<line number="185" hits="0"/>
						<line number="186" hits="0"/>
						<line number="189" hits="0"/>
						<line number="190" hits="0"/>
						<line number="192" hits="0"/>
						<line number="195" hits="0"/>
						<line number="196" hits="0"/>
						<line number="197" hits="0"/>
						<line number="198" hits="0"/>
						<line number="199" hits="0"/>
						<line number="203" hits="0"/>
						<line number="204" hits="0"/>
						<line number="205" hits="0"/>
						<line number="206" hits="0"/>
						<line number="207" hits="0"/>
						<line number="210" hits="0"/>
						<line number="212" hits="0"/>
						<line number="213" hits="0"/>
						<line number="215" hits="0"/>
						<line number="216" hits="0"/>
						<line number="221" hits="0"/>
						<line number="222" hits="0"/>
						<line number="224" hits="0"/>
						<line number="225" hits="0"/>
						<line number="228" hits="0"/>
						<line number="229" hits="0"/>
						<line number="230" hits="0"/>
						<line number="231" hits="0"/>
						<line number="234" hits="0"/>
						<line number="235" hits="0"/>
						<line number="237" hits="0"/>
						<line number="240" hits="0"/>
						<line number="241" hits="0"/>
						<line number="242" hits="0"/>
						<line number="243" hits="0"/>
						<line number="244" hits="0"/>
						<line number="248" hits="0"/>
						<line number="249" hits="0"/>
						<line number="250" hits="0"/>
						<line number="251" hits="0"/>
						<line number="252" hits="0"/>
						<line number="253" hits="0"/>
						<line number="254" hits="0"/>
						<line number="255" hits="0"/>
						<line number="259" hits="0"/>
						<line number="260" hits="0"/>
						<line number="261" hits="0"/>
						<line number="262" hits="0"/>
						<line number="263" hits="0"/>
						<line number="264" hits="0"/>
						<line number="265" hits="0"/>
						<line number="266" hits="0"/>
						<line number="270" hits="0"/>
						<line number="271" hits="0"/>
						<line number="272" hits="0"/>
						<line number="273" hits="0"/>
						<line number="274" hits="0"/>
						<line number="275" hits="0"/>
						<line number="276" hits="0"/>
						<line number="277" hits="0"/>
						<line number="281" hits="0"/>
						<line number="283" hits="0"/>
						<line number="284" hits="0"/>
						<line number="286" hits="0"/>
						<line number="287" hits="0"/>
						<line number="298" hits="2"/>
						<line number="300" hits="2"/>
						<line number="302" hits="2"/>
						<line number="304" hits="4"/>
						<line number="305" hits="4"/>
						<line number="307" hits="0"/>
						<line number="308" hits="0"/>
						<line number="312" hits="0"/>
						<line number="313" hits="0"/>
						<line number="317" hits="0"/>
						<line number="318" hits="0"/>
						<line number="322" hits="0"/>
						<line number="323" hits="0"/>
						<line number="326" hits="0"/>
						<line number="327" hits="0"/>
						<line number="331" hits="2"/>
						<line number="332" hits="2"/>
						<line number="333" hits="2"/>
						<line number="336" hits="2"/>
						<line number="337" hits="2"/>
						<line number="338" hits="0"/>
						<line number="339" hits="0"/>
						<line number="343" hits="2"/>
						<line number="346" hits="2"/>
						<line number="347" hits="2"/>
						<line number="351" hits="0"/>
						<line number="352" hits="0"/>
						<line number="353" hits="0"/>
						<line number="356" hits="0"/>
						<line number="357" hits="0"/>
						<line number="358" hits="0"/>
						<line number="359" hits="0"/>
						<line number="363" hits="0"/>
						<line number="364" hits="0"/>
						<line number="368" hits="0"/>
						<line number="369" hits="0"/>
						<line number="370" hits="0"/>
						<line number="373" hits="0"/>
						<line number="374" hits="0"/>
						<line number="375" hits="0"/>
						<line number="376" hits="0"/>
						<line number="380" hits="0"/>
						<line number="381" hits="0"/>
						<line number="385" hits="0"/>
						<line number="386" hits="0"/>
						<line number="390" hits="2"/>
						<line number="396" hits="2"/>
						<line number="403" hits="4"/>
						<line number="404" hits="4"/>
						<line number="405" hits="0"/>
						<line number="406" hits="0"/>
						<line number="413" hits="2"/>
						<line number="418" hits="2"/>
						<line number="423" hits="2"/>
						<line number="425" hits="0"/>
						<line number="429" hits="2"/>
						<line number="433" hits="0"/>
						<line number="437" hits="0"/>
						<line number="441" hits="0"/>
						<line number="444" hits="2"/>
						<line number="446" hits="2"/>
						<line number="447" hits="2"/>
					</lines>
				</class>
				<class name="export_yaml_6025_properties" filename="tmp/export_yaml_6025.properties" line-rate="1.000">
					<lines>
						<line number="1" hits="4"/>
						<line number="2" hits="4"/>
						<line number="3" hits="4"/>
						<line number="4" hits="4"/>
						<line number="5" hits="4"/>
						<line number="6" hits="4"/>
					</lines>
				</class>
				<class name="export_yaml_4357_properties" filename="tmp/export_yaml_4357.properties" line-rate="1.000">
					<lines>
						<line number="1" hits="4"/>
						<line number="2" hits="4"/>
						<line number="3" hits="4"/>
						<line number="4" hits="4"/>
						<line number="5" hits="4"/>
						<line number="6" hits="4"/>
					</lines>
				</class>
				<class name="export_yaml_4011_properties" filename="tmp/export_yaml_4011.properties" line-rate="1.000">
					<lines>
						<line number="1" hits="4"/>
						<line number="2" hits="4"/>
						<line number="3" hits="4"/>
						<line number="4" hits="4"/>
						<line number="5" hits="4"/>
						<line number="6" hits="4"/>
					</lines>
				</class>
				<class name="export_yaml_3657_properties" filename="tmp/export_yaml_3657.properties" line-rate="1.000">
					<lines>
						<line number="1" hits="4"/>
						<line number="2" hits="4"/>
						<line number="3" hits="4"/>
						<line number="4" hits="4"/>
						<line number="5" hits="4"/>
						<line number="6" hits="4"/>
					</lines>
				</class>
				<class name="export_yaml_2955_properties" filename="tmp/export_yaml_2955.properties" line-rate="1.000">
					<lines>
						<line number="1" hits="4"/>
						<line number="2" hits="4"/>
						<line number="3" hits="4"/>
						<line number="4" hits="4"/>
						<line number="5" hits="4"/>
						<line number="6" hits="4"/>
					</lines>
				</class>
				<class name="stfw_utils" filename="source/dist/test/stfw/bin/lib/stfw_utils" line-rate="0.378">
					<lines>
						<line number="54" hits="29"/>
						<line number="56" hits="0"/>
						<line number="59" hits="0"/>
						<line number="62" hits="44"/>
						<line number="65" hits="0"/>
						<line number="68" hits="0"/>
						<line number="94" hits="1"/>
						<line number="96" hits="0"/>
						<line number="99" hits="0"/>
						<line number="102" hits="1"/>
						<line number="105" hits="0"/>
						<line number="108" hits="0"/>
						<line number="135" hits="3"/>
						<line number="137" hits="3"/>
						<line number="138" hits="3"/>
						<line number="139" hits="3"/>
						<line number="142" hits="3"/>
						<line number="143" hits="1"/>
						<line number="145" hits="6"/>
						<line number="147" hits="0"/>
						<line number="148" hits="0"/>
						<line number="149" hits="0"/>
						<line number="154" hits="3"/>
						<line number="155" hits="3"/>
						<line number="158" hits="3"/>
						<line number="159" hits="0"/>
						<line number="160" hits="0"/>
						<line number="162" hits="3"/>
						<line number="163" hits="3"/>
						<line number="166" hits="3"/>
						<line number="167" hits="3"/>
						<line number="191" hits="6"/>
						<line number="192" hits="6"/>
						<line number="194" hits="6"/>
						<line number="195" hits="6"/>
						<line number="197" hits="6"/>
						<line number="221" hits="2"/>
						<line number="222" hits="2"/>
						<line number="224" hits="4"/>
						<line number="225" hits="2"/>
						<line number="226" hits="0"/>
						<line number="227" hits="0"/>
						<line number="230" hits="2"/>
						<line number="231" hits="2"/>
						<line number="233" hits="2"/>
						<line number="256" hits="0"/>
						<line number="258" hits="0"/>
						<line number="260" hits="0"/>
						<line number="261" hits="0"/>
						<line number="262" hits="0"/>
						<line number="264" hits="0"/>
						<line number="265" hits="0"/>
						<line number="293" hits="0"/>
						<line number="295" hits="0"/>
						<line number="296" hits="0"/>
						<line number="298" hits="0"/>
						<line number="299" hits="0"/>
						<line number="301" hits="0"/>
						<line number="302" hits="0"/>
						<line number="303" hits="0"/>
						<line number="304" hits="0"/>
						<line number="305" hits="0"/>
						<line number="307" hits="0"/>
						<line number="308" hits="0"/>
						<line number="309" hits="0"/>
						<line number="310" hits="0"/>
						<line number="311" hits="0"/>
						<line number="313" hits="0"/>
						<line number="314" hits="0"/>
						<line number="315" hits="0"/>
						<line number="319" hits="0"/>
						<line number="321" hits="0"/>
						<line number="322" hits="0"/>
						<line number="324" hits="0"/>
						<line number="325" hits="0"/>
						<line number="330" hits="3"/>
						<line number="331" hits="1"/>
						<line number="332" hits="2"/>
						<line number="333" hits="1"/>
						<line number="335" hits="0"/>
						<line number="337" hits="1"/>
						<line number="340" hits="12"/>
						<line number="341" hits="3"/>
						<line number="342" hits="6"/>
						<line number="343" hits="3"/>
						<line number="345" hits="0"/>
						<line number="347" hits="3"/>
						<line number="350" hits="8"/>
						<line number="351" hits="2"/>
						<line number="352" hits="4"/>
						<line number="353" hits="2"/>
						<line number="355" hits="0"/>
						<line number="357" hits="2"/>
						<line number="360" hits="0"/>
						<line number="361" hits="0"/>
						<line number="362" hits="0"/>
						<line number="363" hits="0"/>
						<line number="365" hits="0"/>
						<line number="367" hits="0"/>
						<line number="394" hits="2"/>
						<line number="397" hits="2"/>
						<line number="398" hits="2"/>
						<line number="401" hits="2"/>
						<line number="402" hits="2"/>
						<line number="403" hits="2"/>
						<line number="404" hits="2"/>
						<line number="405" hits="2"/>
						<line number="408" hits="2"/>
						<line number="409" hits="2"/>
						<line number="410" hits="2"/>
						<line number="411" hits="2"/>
						<line number="412" hits="2"/>
						<line number="413" hits="2"/>
						<line number="414" hits="2"/>
						<line number="418" hits="2"/>
						<line number="419" hits="2"/>
						<line number="420" hits="2"/>
						<line number="421" hits="2"/>
						<line number="424" hits="2"/>
						<line number="425" hits="2"/>
						<line number="427" hits="2"/>
						<line number="428" hits="2"/>
						<line number="456" hits="3"/>
						<line number="458" hits="3"/>
						<line number="459" hits="3"/>
						<line number="460" hits="3"/>
						<line number="462" hits="3"/>
						<line number="463" hits="3"/>
						<line number="490" hits="1"/>
						<line number="491" hits="1"/>
						<line number="493" hits="1"/>
						<line number="495" hits="1"/>
						<line number="496" hits="0"/>
						<line number="497" hits="0"/>
						<line number="500" hits="1"/>
						<line number="501" hits="1"/>
						<line number="503" hits="1"/>
						<line number="504" hits="1"/>
						<line number="531" hits="1"/>
						<line number="532" hits="1"/>
						<line number="534" hits="1"/>
						<line number="536" hits="2"/>
						<line number="537" hits="1"/>
						<line number="538" hits="1"/>
						<line number="539" hits="1"/>
						<line number="542" hits="0"/>
						<line number="543" hits="0"/>
						<line number="545" hits="0"/>
						<line number="546" hits="0"/>
						<line number="568" hits="0"/>
						<line number="569" hits="0"/>
						<line number="573" hits="0"/>
						<line number="595" hits="0"/>
						<line number="597" hits="0"/>
						<line number="598" hits="0"/>
						<line number="602" hits="6"/>
						<line number="603" hits="3"/>
						<line number="604" hits="3"/>
						<line number="607" hits="0"/>
						<line number="608" hits="0"/>
						<line number="613" hits="6"/>
						<line number="614" hits="3"/>
						<line number="636" hits="1"/>
						<line number="637" hits="1"/>
						<line number="659" hits="0"/>
						<line number="661" hits="0"/>
						<line number="662" hits="0"/>
						<line number="663" hits="0"/>
						<line number="664" hits="0"/>
						<line number="667" hits="0"/>
						<line number="694" hits="0"/>
						<line number="695" hits="0"/>
						<line number="696" hits="0"/>
						<line number="697" hits="0"/>
						<line number="700" hits="0"/>
						<line number="702" hits="0"/>
						<line number="703" hits="0"/>
						<line number="707" hits="0"/>
						<line number="710" hits="0"/>
						<line number="711" hits="0"/>
						<line number="712" hits="0"/>
						<line number="715" hits="0"/>
						<line number="721" hits="0"/>
						<line number="722" hits="0"/>
						<line number="723" hits="0"/>
						<line number="727" hits="0"/>
						<line number="728" hits="0"/>
						<line number="730" hits="0"/>
						<line number="733" hits="0"/>
						<line number="734" hits="0"/>
						<line number="737" hits="0"/>
						<line number="738" hits="0"/>
						<line number="739" hits="0"/>
						<line number="742" hits="0"/>
						<line number="743" hits="0"/>
						<line number="744" hits="0"/>
						<line number="745" hits="0"/>
						<line number="751" hits="0"/>
						<line number="752" hits="0"/>
						<line number="754" hits="0"/>
						<line number="755" hits="0"/>
						<line number="757" hits="0"/>
						<line number="759" hits="0"/>
						<line number="762" hits="0"/>
						<line number="763" hits="0"/>
						<line number="765" hits="0"/>
						<line number="766" hits="0"/>
						<line number="767" hits="0"/>
						<line number="768" hits="0"/>
						<line number="771" hits="0"/>
						<line number="774" hits="0"/>
						<line number="775" hits="0"/>
						<line number="776" hits="0"/>
						<line number="777" hits="0"/>
						<line number="780" hits="0"/>
						<line number="781" hits="0"/>
						<line number="783" hits="0"/>
						<line number="784" hits="0"/>
						<line number="785" hits="0"/>
						<line number="786" hits="0"/>
						<line number="788" hits="0"/>
						<line number="789" hits="0"/>
						<line number="795" hits="0"/>
						<line number="798" hits="0"/>
						<line number="802" hits="0"/>
						<line number="803" hits="0"/>
						<line number="804" hits="0"/>
						<line number="807" hits="0"/>
						<line number="808" hits="0"/>
						<line number="810" hits="0"/>
						<line number="811" hits="0"/>
						<line number="812" hits="0"/>
						<line number="814" hits="0"/>
						<line number="815" hits="0"/>
						<line number="816" hits="0"/>
						<line number="817" hits="0"/>
						<line number="818" hits="0"/>
						<line number="819" hits="0"/>
						<line number="820" hits="0"/>
						<line number="821" hits="0"/>
						<line number="824" hits="0"/>
						<line number="825" hits="0"/>
						<line number="827" hits="0"/>
						<line number="828" hits="0"/>
						<line number="830" hits="0"/>
						<line number="832" hits="0"/>
						<line number="835" hits="0"/>
						<line number="839" hits="0"/>
						<line number="841" hits="0"/>
						<line number="842" hits="0"/>
						<line number="843" hits="0"/>
						<line number="844" hits="0"/>
						<line number="846" hits="0"/>
						<line number="847" hits="0"/>
					</lines>
				</class>
				<class name="setenv" filename="source/dist/test/stfw/bin/lib/setenv" line-rate="0.877">
					<lines>
						<line number="16" hits="122"/>
						<line number="17" hits="122"/>
						<line number="18" hits="122"/>
						<line number="23" hits="122"/>
						<line number="24" hits="122"/>
						<line number="25" hits="122"/>
						<line number="26" hits="122"/>
						<line number="27" hits="122"/>
						<line number="34" hits="61"/>
						<line number="35" hits="0"/>
						<line number="36" hits="0"/>
						<line number="39" hits="61"/>
						<line number="40" hits="0"/>
						<line number="41" hits="0"/>
						<line number="53" hits="122"/>
						<line number="55" hits="122"/>
						<line number="57" hits="122"/>
						<line number="60" hits="122"/>
						<line number="62" hits="122"/>
						<line number="65" hits="122"/>
						<line number="68" hits="122"/>
						<line number="70" hits="122"/>
						<line number="76" hits="122"/>
						<line number="77" hits="122"/>
						<line number="80" hits="122"/>
						<line number="81" hits="122"/>
						<line number="82" hits="122"/>
						<line number="85" hits="122"/>
						<line number="86" hits="122"/>
						<line number="87" hits="122"/>
						<line number="90" hits="122"/>
						<line number="96" hits="122"/>
						<line number="99" hits="122"/>
						<line number="100" hits="122"/>
						<line number="107" hits="61"/>
						<line number="108" hits="0"/>
						<line number="109" hits="0"/>
						<line number="121" hits="122"/>
						<line number="123" hits="122"/>
						<line number="125" hits="122"/>
						<line number="131" hits="122"/>
						<line number="133" hits="122"/>
						<line number="140" hits="61"/>
						<line number="148" hits="61"/>
						<line number="152" hits="122"/>
						<line number="154" hits="122"/>
						<line number="155" hits="122"/>
						<line number="156" hits="122"/>
						<line number="157" hits="122"/>
						<line number="158" hits="122"/>
						<line number="160" hits="61"/>
						<line number="161" hits="61"/>
						<line number="163" hits="61"/>
						<line number="165" hits="61"/>
						<line number="167" hits="61"/>
						<line number="169" hits="61"/>
						<line number="172" hits="211"/>
						<line number="173" hits="211"/>
						<line number="174" hits="211"/>
						<line number="175" hits="211"/>
						<line number="177" hits="61"/>
						<line number="180" hits="61"/>
						<line number="187" hits="122"/>
						<line number="188" hits="0"/>
						<line number="189" hits="0"/>
					</lines>
				</class>
				<class name="run" filename="source/dist/test/stfw/bin/cmd/run" line-rate="0.692">
					<lines>
						<line number="11" hits="2"/>
						<line number="12" hits="3"/>
						<line number="15" hits="4"/>
						<line number="16" hits="1"/>
						<line number="19" hits="1"/>
						<line number="21" hits="1"/>
						<line number="23" hits="3"/>
						<line number="31" hits="0"/>
						<line number="36" hits="0"/>
						<line number="46" hits="0"/>
						<line number="51" hits="22"/>
						<line number="56" hits="2"/>
						<line number="61" hits="0"/>
						<line number="62" hits="0"/>
						<line number="65" hits="0"/>
						<line number="66" hits="0"/>
						<line number="67" hits="0"/>
						<line number="68" hits="0"/>
						<line number="69" hits="0"/>
						<line number="70" hits="0"/>
						<line number="71" hits="0"/>
						<line number="74" hits="0"/>
						<line number="75" hits="0"/>
						<line number="76" hits="0"/>
						<line number="77" hits="0"/>
						<line number="78" hits="0"/>
						<line number="79" hits="0"/>
						<line number="81" hits="0"/>
						<line number="83" hits="0"/>
						<line number="84" hits="0"/>
						<line number="89" hits="0"/>
						<line number="90" hits="0"/>
						<line number="93" hits="0"/>
						<line number="94" hits="0"/>
						<line number="95" hits="0"/>
						<line number="96" hits="0"/>
						<line number="97" hits="0"/>
						<line number="98" hits="0"/>
						<line number="100" hits="0"/>
						<line number="101" hits="0"/>
						<line number="104" hits="0"/>
						<line number="105" hits="0"/>
						<line number="106" hits="0"/>
						<line number="107" hits="0"/>
						<line number="108" hits="0"/>
						<line number="109" hits="0"/>
						<line number="111" hits="0"/>
						<line number="112" hits="0"/>
						<line number="117" hits="4"/>
						<line number="118" hits="4"/>
						<line number="119" hits="4"/>
						<line number="121" hits="4"/>
						<line number="122" hits="1"/>
						<line number="123" hits="1"/>
						<line number="126" hits="6"/>
						<line number="127" hits="6"/>
						<line number="130" hits="3"/>
						<line number="131" hits="3"/>
						<line number="132" hits="3"/>
						<line number="133" hits="3"/>
						<line number="134" hits="3"/>
						<line number="137" hits="3"/>
						<line number="138" hits="3"/>
						<line number="139" hits="3"/>
						<line number="140" hits="3"/>
						<line number="143" hits="67"/>
						<line number="145" hits="29"/>
						<line number="146" hits="29"/>
						<line number="147" hits="21"/>
						<line number="148" hits="21"/>
						<line number="153" hits="59"/>
						<line number="155" hits="25"/>
						<line number="156" hits="25"/>
						<line number="157" hits="25"/>
						<line number="158" hits="25"/>
						<line number="162" hits="3"/>
						<line number="163" hits="3"/>
						<line number="165" hits="3"/>
						<line number="166" hits="3"/>
						<line number="171" hits="1"/>
						<line number="173" hits="1"/>
						<line number="174" hits="1"/>
						<line number="175" hits="2"/>
						<line number="178" hits="2"/>
						<line number="180" hits="1"/>
						<line number="182" hits="1"/>
						<line number="184" hits="1"/>
						<line number="186" hits="1"/>
						<line number="187" hits="1"/>
						<line number="190" hits="1"/>
						<line number="195" hits="2"/>
						<line number="196" hits="2"/>
						<line number="197" hits="2"/>
						<line number="199" hits="2"/>
						<line number="200" hits="0"/>
						<line number="201" hits="0"/>
						<line number="204" hits="4"/>
						<line number="205" hits="4"/>
						<line number="208" hits="2"/>
						<line number="209" hits="2"/>
						<line number="210" hits="2"/>
						<line number="211" hits="2"/>
						<line number="212" hits="2"/>
						<line number="215" hits="2"/>
						<line number="216" hits="2"/>
						<line number="217" hits="2"/>
						<line number="218" hits="2"/>
						<line number="221" hits="40"/>
						<line number="223" hits="17"/>
						<line number="224" hits="17"/>
						<line number="225" hits="8"/>
						<line number="226" hits="8"/>
						<line number="231" hits="18"/>
						<line number="233" hits="6"/>
						<line number="234" hits="6"/>
						<line number="235" hits="6"/>
						<line number="236" hits="6"/>
						<line number="240" hits="2"/>
						<line number="241" hits="2"/>
						<line number="243" hits="2"/>
						<line number="244" hits="2"/>
						<line number="249" hits="1"/>
						<line number="251" hits="1"/>
						<line number="252" hits="1"/>
						<line number="253" hits="2"/>
						<line number="256" hits="1"/>
						<line number="257" hits="1"/>
						<line number="258" hits="0"/>
						<line number="263" hits="1"/>
						<line number="268" hits="1"/>
						<line number="270" hits="1"/>
						<line number="272" hits="1"/>
						<line number="274" hits="1"/>
						<line number="279" hits="1"/>
						<line number="281" hits="1"/>
						<line number="282" hits="1"/>
						<line number="283" hits="1"/>
						<line number="284" hits="2"/>
						<line number="287" hits="1"/>
						<line number="288" hits="1"/>
						<line number="289" hits="0"/>
						<line number="290" hits="0"/>
						<line number="295" hits="2"/>
						<line number="296" hits="0"/>
						<line number="297" hits="0"/>
						<line number="300" hits="1"/>
						<line number="303" hits="2"/>
						<line number="306" hits="1"/>
						<line number="307" hits="1"/>
						<line number="308" hits="1"/>
						<line number="309" hits="1"/>
						<line number="312" hits="1"/>
						<line number="315" hits="1"/>
						<line number="316" hits="1"/>
						<line number="319" hits="1"/>
						<line number="320" hits="1"/>
						<line number="323" hits="1"/>
						<line number="326" hits="1"/>
						<line number="329" hits="2"/>
						<line number="330" hits="1"/>
						<line number="331" hits="1"/>
						<line number="332" hits="1"/>
						<line number="333" hits="1"/>
						<line number="334" hits="2"/>
						<line number="335" hits="1"/>
						<line number="338" hits="2"/>
						<line number="339" hits="1"/>
						<line number="342" hits="2"/>
						<line number="344" hits="1"/>
						<line number="345" hits="1"/>
						<line number="348" hits="1"/>
						<line number="349" hits="1"/>
						<line number="350" hits="1"/>
						<line number="353" hits="1"/>
						<line number="354" hits="1"/>
						<line number="365" hits="1"/>
						<line number="367" hits="1"/>
						<line number="369" hits="1"/>
						<line number="371" hits="2"/>
						<line number="372" hits="2"/>
						<line number="374" hits="0"/>
						<line number="375" hits="0"/>
						<line number="379" hits="0"/>
						<line number="380" hits="0"/>
						<line number="384" hits="0"/>
						<line number="385" hits="0"/>
						<line number="386" hits="0"/>
						<line number="390" hits="0"/>
						<line number="391" hits="0"/>
						<line number="392" hits="0"/>
						<line number="396" hits="0"/>
						<line number="397" hits="0"/>
						<line number="401" hits="1"/>
						<line number="402" hits="1"/>
						<line number="406" hits="0"/>
						<line number="407" hits="0"/>
						<line number="411" hits="1"/>
						<line number="417" hits="2"/>
						<line number="420" hits="1"/>
						<line number="421" hits="0"/>
						<line number="425" hits="1"/>
						<line number="431" hits="1"/>
						<line number="437" hits="1"/>
						<line number="439" hits="1"/>
						<line number="443" hits="0"/>
						<line number="447" hits="0"/>
						<line number="451" hits="0"/>
						<line number="452" hits="0"/>
						<line number="455" hits="1"/>
						<line number="457" hits="1"/>
						<line number="458" hits="1"/>
					</lines>
				</class>
				<class name="common_utils" filename="source/dist/test/stfw/bin/lib/common_utils" line-rate="0.519">
					<lines>
						<line number="46" hits="126"/>
						<line number="47" hits="0"/>
						<line number="49" hits="63"/>
						<line number="51" hits="63"/>
						<line number="55" hits="0"/>
						<line number="56" hits="0"/>
						<line number="57" hits="0"/>
						<line number="59" hits="0"/>
						<line number="61" hits="0"/>
						<line number="65" hits="0"/>
						<line number="66" hits="0"/>
						<line number="67" hits="0"/>
						<line number="69" hits="0"/>
						<line number="71" hits="0"/>
						<line number="79" hits="5"/>
						<line number="80" hits="5"/>
						<line number="81" hits="5"/>
						<line number="82" hits="5"/>
						<line number="86" hits="0"/>
						<line number="87" hits="0"/>
						<line number="88" hits="0"/>
						<line number="92" hits="0"/>
						<line number="93" hits="0"/>
						<line number="94" hits="0"/>
						<line number="98" hits="0"/>
						<line number="99" hits="0"/>
						<line number="100" hits="0"/>
						<line number="104" hits="5"/>
						<line number="105" hits="5"/>
						<line number="106" hits="5"/>
						<line number="107" hits="5"/>
						<line number="115" hits="0"/>
						<line number="116" hits="0"/>
						<line number="117" hits="0"/>
						<line number="121" hits="0"/>
						<line number="122" hits="0"/>
						<line number="123" hits="0"/>
						<line number="131" hits="0"/>
						<line number="132" hits="0"/>
						<line number="135" hits="0"/>
						<line number="136" hits="0"/>
						<line number="137" hits="0"/>
						<line number="140" hits="0"/>
						<line number="141" hits="0"/>
						<line number="144" hits="0"/>
						<line number="145" hits="0"/>
						<line number="146" hits="0"/>
						<line number="147" hits="0"/>
						<line number="148" hits="0"/>
						<line number="152" hits="0"/>
						<line number="153" hits="0"/>
						<line number="154" hits="0"/>
						<line number="155" hits="0"/>
						<line number="156" hits="0"/>
						<line number="160" hits="0"/>
						<line number="161" hits="0"/>
						<line number="162" hits="0"/>
						<line number="163" hits="0"/>
						<line number="164" hits="0"/>
						<line number="167" hits="0"/>
						<line number="168" hits="0"/>
						<line number="177" hits="2"/>
						<line number="178" hits="1"/>
						<line number="179" hits="1"/>
						<line number="180" hits="1"/>
						<line number="181" hits="1"/>
						<line number="182" hits="1"/>
						<line number="183" hits="1"/>
						<line number="191" hits="66"/>
						<line number="193" hits="66"/>
						<line number="194" hits="66"/>
						<line number="195" hits="66"/>
						<line number="197" hits="66"/>
						<line number="201" hits="0"/>
						<line number="202" hits="0"/>
						<line number="204" hits="0"/>
						<line number="215" hits="0"/>
						<line number="216" hits="0"/>
						<line number="219" hits="0"/>
						<line number="221" hits="0"/>
						<line number="222" hits="0"/>
						<line number="225" hits="0"/>
						<line number="227" hits="0"/>
						<line number="230" hits="0"/>
						<line number="231" hits="0"/>
						<line number="240" hits="4"/>
						<line number="241" hits="0"/>
						<line number="242" hits="0"/>
						<line number="245" hits="4"/>
						<line number="246" hits="4"/>
						<line number="249" hits="4"/>
						<line number="250" hits="4"/>
						<line number="251" hits="4"/>
						<line number="256" hits="4"/>
						<line number="257" hits="0"/>
						<line number="258" hits="0"/>
						<line number="261" hits="4"/>
						<line number="262" hits="4"/>
						<line number="263" hits="0"/>
						<line number="264" hits="0"/>
						<line number="268" hits="4"/>
						<line number="269" hits="4"/>
						<line number="270" hits="4"/>
						<line number="275" hits="2"/>
						<line number="276" hits="0"/>
						<line number="277" hits="0"/>
						<line number="280" hits="2"/>
						<line number="281" hits="2"/>
						<line number="282" hits="0"/>
						<line number="283" hits="0"/>
						<line number="287" hits="2"/>
						<line number="288" hits="2"/>
						<line number="289" hits="2"/>
						<line number="297" hits="0"/>
						<line number="300" hits="0"/>
						<line number="303" hits="0"/>
						<line number="306" hits="0"/>
						<line number="307" hits="0"/>
						<line number="308" hits="0"/>
						<line number="309" hits="0"/>
						<line number="310" hits="0"/>
						<line number="311" hits="0"/>
						<line number="312" hits="0"/>
						<line number="313" hits="0"/>
						<line number="363" hits="65"/>
						<line number="365" hits="65"/>
						<line number="367" hits="130"/>
						<line number="368" hits="130"/>
						<line number="369" hits="130"/>
						<line number="377" hits="65"/>
						<line number="378" hits="65"/>
						<line number="379" hits="65"/>
						<line number="380" hits="65"/>
						<line number="381" hits="65"/>
						<line number="382" hits="65"/>
						<line number="383" hits="65"/>
						<line number="385" hits="65"/>
						<line number="393" hits="65"/>
						<line number="394" hits="65"/>
						<line number="395" hits="65"/>
						<line number="396" hits="65"/>
						<line number="397" hits="65"/>
						<line number="398" hits="65"/>
						<line number="399" hits="65"/>
						<line number="400" hits="65"/>
						<line number="403" hits="65"/>
						<line number="407" hits="130"/>
						<line number="408" hits="65"/>
						<line number="411" hits="65"/>
						<line number="412" hits="65"/>
						<line number="413" hits="65"/>
						<line number="415" hits="65"/>
						<line number="452" hits="60"/>
						<line number="453" hits="60"/>
						<line number="454" hits="60"/>
						<line number="456" hits="120"/>
						<line number="457" hits="60"/>
						<line number="458" hits="60"/>
						<line number="460" hits="60"/>
						<line number="484" hits="0"/>
						<line number="485" hits="0"/>
						<line number="486" hits="0"/>
						<line number="488" hits="0"/>
						<line number="494" hits="24"/>
						<line number="496" hits="48"/>
						<line number="497" hits="24"/>
						<line number="498" hits="0"/>
						<line number="499" hits="0"/>
						<line number="502" hits="48"/>
						<line number="506" hits="24"/>
						<line number="508" hits="48"/>
						<line number="509" hits="24"/>
						<line number="510" hits="6"/>
						<line number="511" hits="6"/>
						<line number="513" hits="18"/>
						<line number="517" hits="24"/>
						<line number="519" hits="48"/>
						<line number="520" hits="30"/>
						<line number="522" hits="36"/>
						<line number="523" hits="18"/>
						<line number="527" hits="24"/>
						<line number="529" hits="24"/>
						<line number="530" hits="24"/>
						<line number="531" hits="30"/>
						<line number="533" hits="36"/>
						<line number="534" hits="18"/>
						<line number="538" hits="66"/>
						<line number="539" hits="66"/>
						<line number="540" hits="79"/>
						<line number="541" hits="198"/>
						<line number="545" hits="18"/>
						<line number="546" hits="18"/>
						<line number="547" hits="18"/>
						<line number="548" hits="18"/>
						<line number="549" hits="18"/>
						<line number="550" hits="18"/>
						<line number="551" hits="0"/>
						<line number="553" hits="0"/>
						<line number="555" hits="0"/>
						<line number="557" hits="0"/>
						<line number="559" hits="0"/>
						<line number="561" hits="0"/>
						<line number="562" hits="0"/>
						<line number="564" hits="0"/>
						<line number="565" hits="18"/>
						<line number="570" hits="0"/>
						<line number="571" hits="0"/>
						<line number="572" hits="0"/>
					</lines>
				</class>
				<class name="stfw" filename="source/dist/test/stfw/bin/stfw" line-rate="0.545">
					<lines>
						<line number="12" hits="87"/>
						<line number="15" hits="0"/>
						<line number="16" hits="0"/>
						<line number="17" hits="0"/>
						<line number="18" hits="0"/>
						<line number="19" hits="0"/>
						<line number="21" hits="29"/>
						<line number="23" hits="182"/>
						<line number="26" hits="87"/>
						<line number="27" hits="87"/>
						<line number="28" hits="87"/>
						<line number="31" hits="116"/>
						<line number="32" hits="87"/>
						<line number="33" hits="29"/>
						<line number="36" hits="0"/>
						<line number="37" hits="0"/>
						<line number="38" hits="29"/>
						<line number="41" hits="58"/>
						<line number="48" hits="29"/>
						<line number="51" hits="29"/>
						<line number="52" hits="54"/>
						<line number="53" hits="27"/>
						<line number="57" hits="29"/>
						<line number="65" hits="0"/>
						<line number="66" hits="0"/>
						<line number="67" hits="0"/>
						<line number="71" hits="0"/>
						<line number="102" hits="29"/>
						<line number="103" hits="29"/>
						<line number="105" hits="0"/>
						<line number="106" hits="0"/>
						<line number="110" hits="0"/>
						<line number="111" hits="0"/>
						<line number="115" hits="0"/>
						<line number="116" hits="0"/>
						<line number="120" hits="0"/>
						<line number="121" hits="0"/>
						<line number="125" hits="0"/>
						<line number="126" hits="0"/>
						<line number="130" hits="29"/>
						<line number="140" hits="29"/>
						<line number="141" hits="0"/>
						<line number="142" hits="0"/>
						<line number="146" hits="29"/>
						<line number="147" hits="29"/>
						<line number="148" hits="29"/>
						<line number="149" hits="0"/>
						<line number="150" hits="0"/>
						<line number="158" hits="29"/>
						<line number="159" hits="46"/>
						<line number="160" hits="23"/>
						<line number="162" hits="6"/>
						<line number="163" hits="6"/>
						<line number="172" hits="29"/>
						<line number="174" hits="29"/>
					</lines>
				</class>
				<class name="scenario" filename="source/dist/test/stfw/bin/cmd/scenario" line-rate="0.411">
					<lines>
						<line number="11" hits="4"/>
						<line number="12" hits="6"/>
						<line number="15" hits="8"/>
						<line number="16" hits="2"/>
						<line number="19" hits="2"/>
						<line number="21" hits="6"/>
						<line number="28" hits="0"/>
						<line number="33" hits="0"/>
						<line number="44" hits="0"/>
						<line number="49" hits="1"/>
						<line number="50" hits="1"/>
						<line number="52" hits="1"/>
						<line number="53" hits="1"/>
						<line number="55" hits="2"/>
						<line number="58" hits="2"/>
						<line number="59" hits="0"/>
						<line number="60" hits="0"/>
						<line number="64" hits="1"/>
						<line number="65" hits="1"/>
						<line number="66" hits="1"/>
						<line number="70" hits="1"/>
						<line number="73" hits="1"/>
						<line number="74" hits="1"/>
						<line number="75" hits="2"/>
						<line number="76" hits="1"/>
						<line number="78" hits="1"/>
						<line number="79" hits="1"/>
						<line number="81" hits="1"/>
						<line number="82" hits="1"/>
						<line number="87" hits="1"/>
						<line number="88" hits="1"/>
						<line number="89" hits="1"/>
						<line number="91" hits="1"/>
						<line number="92" hits="1"/>
						<line number="95" hits="2"/>
						<line number="96" hits="0"/>
						<line number="97" hits="0"/>
						<line number="101" hits="2"/>
						<line number="102" hits="1"/>
						<line number="104" hits="1"/>
						<line number="105" hits="1"/>
						<line number="107" hits="1"/>
						<line number="108" hits="1"/>
						<line number="113" hits="0"/>
						<line number="114" hits="0"/>
						<line number="115" hits="0"/>
						<line number="117" hits="0"/>
						<line number="118" hits="0"/>
						<line number="121" hits="0"/>
						<line number="122" hits="0"/>
						<line number="123" hits="0"/>
						<line number="124" hits="0"/>
						<line number="125" hits="0"/>
						<line number="126" hits="0"/>
						<line number="127" hits="0"/>
						<line number="130" hits="0"/>
						<line number="131" hits="0"/>
						<line number="132" hits="0"/>
						<line number="133" hits="0"/>
						<line number="134" hits="0"/>
						<line number="135" hits="0"/>
						<line number="137" hits="0"/>
						<line number="139" hits="0"/>
						<line number="140" hits="0"/>
						<line number="142" hits="0"/>
						<line number="143" hits="0"/>
						<line number="148" hits="0"/>
						<line number="149" hits="0"/>
						<line number="150" hits="0"/>
						<line number="152" hits="0"/>
						<line number="153" hits="0"/>
						<line number="156" hits="0"/>
						<line number="157" hits="0"/>
						<line number="158" hits="0"/>
						<line number="159" hits="0"/>
						<line number="160" hits="0"/>
						<line number="161" hits="0"/>
						<line number="163" hits="0"/>
						<line number="164" hits="0"/>
						<line number="167" hits="0"/>
						<line number="168" hits="0"/>
						<line number="169" hits="0"/>
						<line number="170" hits="0"/>
						<line number="171" hits="0"/>
						<line number="172" hits="0"/>
						<line number="174" hits="0"/>
						<line number="175" hits="0"/>
						<line number="177" hits="0"/>
						<line number="178" hits="0"/>
						<line number="189" hits="2"/>
						<line number="191" hits="2"/>
						<line number="193" hits="2"/>
						<line number="195" hits="4"/>
						<line number="196" hits="4"/>
						<line number="198" hits="0"/>
						<line number="199" hits="0"/>
						<line number="203" hits="0"/>
						<line number="204" hits="0"/>
						<line number="208" hits="1"/>
						<line number="209" hits="1"/>
						<line number="210" hits="1"/>
						<line number="212" hits="1"/>
						<line number="213" hits="1"/>
						<line number="217" hits="0"/>
						<line number="218" hits="0"/>
						<line number="219" hits="0"/>
						<line number="220" hits="0"/>
						<line number="224" hits="1"/>
						<line number="225" hits="1"/>
						<line number="226" hits="1"/>
						<line number="227" hits="1"/>
						<line number="231" hits="0"/>
						<line number="232" hits="0"/>
						<line number="233" hits="0"/>
						<line number="236" hits="0"/>
						<line number="237" hits="0"/>
						<line number="238" hits="0"/>
						<line number="239" hits="0"/>
						<line number="241" hits="0"/>
						<line number="245" hits="0"/>
						<line number="246" hits="0"/>
						<line number="247" hits="0"/>
						<line number="250" hits="0"/>
						<line number="251" hits="0"/>
						<line number="252" hits="0"/>
						<line number="253" hits="0"/>
						<line number="255" hits="0"/>
						<line number="259" hits="0"/>
						<line number="260" hits="0"/>
						<line number="264" hits="2"/>
						<line number="273" hits="2"/>
						<line number="279" hits="2"/>
						<line number="281" hits="1"/>
						<line number="285" hits="1"/>
						<line number="289" hits="0"/>
						<line number="293" hits="0"/>
						<line number="297" hits="0"/>
						<line number="298" hits="0"/>
						<line number="301" hits="2"/>
						<line number="303" hits="2"/>
						<line number="304" hits="2"/>
					</lines>
				</class>
				<class name="export_yaml_841_properties" filename="tmp/export_yaml_841.properties" line-rate="1.000">
					<lines>
						<line number="1" hits="4"/>
						<line number="2" hits="4"/>
						<line number="3" hits="4"/>
						<line number="4" hits="4"/>
						<line number="5" hits="4"/>
						<line number="6" hits="4"/>
					</lines>
				</class>
				<class name="bizdate" filename="source/dist/test/stfw/bin/cmd/bizdate" line-rate="0.331">
					<lines>
						<line number="11" hits="4"/>
						<line number="12" hits="6"/>
						<line number="15" hits="8"/>
						<line number="16" hits="2"/>
						<line number="19" hits="2"/>
						<line number="21" hits="6"/>
						<line number="28" hits="0"/>
						<line number="33" hits="0"/>
						<line number="43" hits="0"/>
						<line number="48" hits="2"/>
						<line number="49" hits="2"/>
						<line number="51" hits="2"/>
						<line number="56" hits="2"/>
						<line number="57" hits="2"/>
						<line number="58" hits="2"/>
						<line number="60" hits="2"/>
						<line number="61" hits="2"/>
						<line number="63" hits="4"/>
						<line number="64" hits="4"/>
						<line number="67" hits="4"/>
						<line number="68" hits="0"/>
						<line number="69" hits="0"/>
						<line number="73" hits="2"/>
						<line number="74" hits="2"/>
						<line number="75" hits="2"/>
						<line number="79" hits="2"/>
						<line number="82" hits="2"/>
						<line number="83" hits="2"/>
						<line number="84" hits="4"/>
						<line number="85" hits="2"/>
						<line number="87" hits="2"/>
						<line number="88" hits="2"/>
						<line number="90" hits="2"/>
						<line number="91" hits="2"/>
						<line number="96" hits="0"/>
						<line number="97" hits="0"/>
						<line number="99" hits="0"/>
						<line number="100" hits="0"/>
						<line number="103" hits="0"/>
						<line number="104" hits="0"/>
						<line number="105" hits="0"/>
						<line number="109" hits="0"/>
						<line number="110" hits="0"/>
						<line number="112" hits="0"/>
						<line number="113" hits="0"/>
						<line number="115" hits="0"/>
						<line number="116" hits="0"/>
						<line number="121" hits="0"/>
						<line number="123" hits="0"/>
						<line number="124" hits="0"/>
						<line number="126" hits="0"/>
						<line number="127" hits="0"/>
						<line number="130" hits="0"/>
						<line number="131" hits="0"/>
						<line number="132" hits="0"/>
						<line number="133" hits="0"/>
						<line number="134" hits="0"/>
						<line number="135" hits="0"/>
						<line number="136" hits="0"/>
						<line number="139" hits="0"/>
						<line number="140" hits="0"/>
						<line number="141" hits="0"/>
						<line number="142" hits="0"/>
						<line number="143" hits="0"/>
						<line number="144" hits="0"/>
						<line number="146" hits="0"/>
						<line number="148" hits="0"/>
						<line number="149" hits="0"/>
						<line number="151" hits="0"/>
						<line number="152" hits="0"/>
						<line number="157" hits="0"/>
						<line number="158" hits="0"/>
						<line number="159" hits="0"/>
						<line number="161" hits="0"/>
						<line number="162" hits="0"/>
						<line number="165" hits="0"/>
						<line number="166" hits="0"/>
						<line number="167" hits="0"/>
						<line number="168" hits="0"/>
						<line number="169" hits="0"/>
						<line number="170" hits="0"/>
						<line number="172" hits="0"/>
						<line number="173" hits="0"/>
						<line number="176" hits="0"/>
						<line number="177" hits="0"/>
						<line number="178" hits="0"/>
						<line number="179" hits="0"/>
						<line number="180" hits="0"/>
						<line number="181" hits="0"/>
						<line number="183" hits="0"/>
						<line number="184" hits="0"/>
						<line number="186" hits="0"/>
						<line number="187" hits="0"/>
						<line number="198" hits="2"/>
						<line number="200" hits="2"/>
						<line number="202" hits="4"/>
						<line number="203" hits="4"/>
						<line number="205" hits="0"/>
						<line number="206" hits="0"/>
						<line number="210" hits="0"/>
						<line number="211" hits="0"/>
						<line number="215" hits="2"/>
						<line number="216" hits="2"/>
						<line number="217" hits="2"/>
						<line number="220" hits="2"/>
						<line number="221" hits="2"/>
						<line number="222" hits="0"/>
						<line number="223" hits="0"/>
						<line number="227" hits="2"/>
						<line number="228" hits="4"/>
						<line number="229" hits="0"/>
						<line number="230" hits="0"/>
						<line number="232" hits="2"/>
						<line number="236" hits="0"/>
						<line number="237" hits="0"/>
						<line number="238" hits="0"/>
						<line number="242" hits="0"/>
						<line number="243" hits="0"/>
						<line number="244" hits="0"/>
						<line number="247" hits="0"/>
						<line number="248" hits="0"/>
						<line number="249" hits="0"/>
						<line number="250" hits="0"/>
						<line number="252" hits="0"/>
						<line number="256" hits="0"/>
						<line number="257" hits="0"/>
						<line number="258" hits="0"/>
						<line number="261" hits="0"/>
						<line number="262" hits="0"/>
						<line number="263" hits="0"/>
						<line number="264" hits="0"/>
						<line number="266" hits="0"/>
						<line number="270" hits="0"/>
						<line number="271" hits="0"/>
						<line number="275" hits="2"/>
						<line number="284" hits="2"/>
						<line number="290" hits="2"/>
						<line number="292" hits="2"/>
						<line number="295" hits="0"/>
						<line number="298" hits="0"/>
						<line number="301" hits="0"/>
						<line number="304" hits="0"/>
						<line number="307" hits="2"/>
						<line number="309" hits="2"/>
						<line number="310" hits="2"/>
					</lines>
				</class>
				<class name="logging_utils" filename="source/dist/test/stfw/bin/lib/logging_utils" line-rate="0.481">
					<lines>
						<line number="61" hits="61"/>
						<line number="64" hits="61"/>
						<line number="65" hits="61"/>
						<line number="66" hits="61"/>
						<line number="67" hits="61"/>
						<line number="68" hits="61"/>
						<line number="70" hits="61"/>
						<line number="71" hits="61"/>
						<line number="72" hits="61"/>
						<line number="73" hits="61"/>
						<line number="74" hits="61"/>
						<line number="75" hits="61"/>
						<line number="81" hits="61"/>
						<line number="84" hits="61"/>
						<line number="98" hits="67"/>
						<line number="108" hits="39"/>
						<line number="109" hits="39"/>
						<line number="115" hits="2"/>
						<line number="121" hits="378"/>
						<line number="128" hits="26"/>
						<line number="131" hits="52"/>
						<line number="132" hits="52"/>
						<line number="136" hits="59"/>
						<line number="139" hits="26"/>
						<line number="146" hits="78"/>
						<line number="149" hits="52"/>
						<line number="152" hits="26"/>
						<line number="155" hits="52"/>
						<line number="156" hits="78"/>
						<line number="157" hits="26"/>
						<line number="159" hits="52"/>
						<line number="163" hits="26"/>
						<line number="166" hits="52"/>
						<line number="167" hits="52"/>
						<line number="184" hits="0"/>
						<line number="194" hits="0"/>
						<line number="195" hits="0"/>
						<line number="196" hits="0"/>
						<line number="197" hits="0"/>
						<line number="199" hits="0"/>
						<line number="201" hits="0"/>
						<line number="225" hits="211"/>
						<line number="226" hits="422"/>
						<line number="227" hits="211"/>
						<line number="228" hits="211"/>
						<line number="230" hits="211"/>
						<line number="232" hits="0"/>
						<line number="233" hits="0"/>
						<line number="234" hits="0"/>
						<line number="237" hits="211"/>
						<line number="242" hits="0"/>
						<line number="250" hits="0"/>
						<line number="253" hits="0"/>
						<line number="254" hits="0"/>
						<line number="255" hits="0"/>
						<line number="257" hits="0"/>
						<line number="261" hits="0"/>
						<line number="263" hits="0"/>
						<line number="264" hits="211"/>
						<line number="287" hits="29"/>
						<line number="288" hits="0"/>
						<line number="289" hits="0"/>
						<line number="293" hits="29"/>
						<line number="294" hits="0"/>
						<line number="295" hits="0"/>
						<line number="296" hits="0"/>
						<line number="297" hits="0"/>
						<line number="299" hits="0"/>
						<line number="300" hits="0"/>
						<line number="301" hits="0"/>
						<line number="305" hits="0"/>
						<line number="308" hits="29"/>
						<line number="335" hits="338"/>
						<line number="341" hits="338"/>
						<line number="342" hits="0"/>
						<line number="343" hits="0"/>
						<line number="349" hits="338"/>
						<line number="354" hits="0"/>
						<line number="355" hits="0"/>
						<line number="358" hits="338"/>
						<line number="360" hits="0"/>
						<line number="361" hits="0"/>
						<line number="364" hits="338"/>
						<line number="366" hits="338"/>
						<line number="368" hits="200"/>
						<line number="371" hits="0"/>
						<line number="373" hits="0"/>
						<line number="376" hits="0"/>
						<line number="379" hits="0"/>
						<line number="381" hits="0"/>
						<line number="385" hits="0"/>
						<line number="389" hits="138"/>
						<line number="419" hits="338"/>
						<line number="420" hits="338"/>
						<line number="425" hits="338"/>
						<line number="426" hits="338"/>
						<line number="427" hits="338"/>
						<line number="429" hits="0"/>
						<line number="435" hits="676"/>
						<line number="437" hits="82"/>
						<line number="439" hits="71"/>
						<line number="440" hits="71"/>
						<line number="443" hits="190"/>
						<line number="444" hits="84"/>
						<line number="445" hits="0"/>
						<line number="449" hits="256"/>
						<line number="451" hits="129"/>
						<line number="454" hits="127"/>
						<line number="457" hits="138"/>
						<line number="463" hits="165"/>
						<line number="465" hits="330"/>
						<line number="466" hits="130"/>
						<line number="468" hits="100"/>
						<line number="469" hits="100"/>
						<line number="470" hits="100"/>
						<line number="471" hits="100"/>
						<line number="474" hits="165"/>
						<line number="480" hits="35"/>
						<line number="482" hits="70"/>
						<line number="483" hits="12"/>
						<line number="485" hits="29"/>
						<line number="486" hits="29"/>
						<line number="487" hits="29"/>
						<line number="488" hits="29"/>
						<line number="491" hits="35"/>
						<line number="497" hits="127"/>
						<line number="499" hits="254"/>
						<line number="500" hits="22"/>
						<line number="502" hits="116"/>
						<line number="503" hits="116"/>
						<line number="504" hits="116"/>
						<line number="505" hits="116"/>
						<line number="508" hits="127"/>
						<line number="514" hits="3"/>
						<line number="516" hits="6"/>
						<line number="517" hits="0"/>
						<line number="519" hits="3"/>
						<line number="520" hits="3"/>
						<line number="521" hits="3"/>
						<line number="522" hits="3"/>
						<line number="525" hits="3"/>
						<line number="531" hits="8"/>
						<line number="533" hits="16"/>
						<line number="534" hits="0"/>
						<line number="536" hits="8"/>
						<line number="537" hits="8"/>
						<line number="538" hits="8"/>
						<line number="539" hits="8"/>
						<line number="542" hits="8"/>
						<line number="566" hits="196"/>
						<line number="567" hits="100"/>
						<line number="568" hits="196"/>
						<line number="592" hits="0"/>
						<line number="598" hits="438"/>
						<line number="599" hits="0"/>
						<line number="601" hits="438"/>
						<line number="603" hits="438"/>
						<line number="609" hits="0"/>
						<line number="610" hits="0"/>
						<line number="611" hits="0"/>
						<line number="613" hits="0"/>
						<line number="615" hits="0"/>
						<line number="636" hits="0"/>
						<line number="637" hits="0"/>
						<line number="643" hits="0"/>
						<line number="646" hits="0"/>
						<line number="647" hits="0"/>
						<line number="648" hits="0"/>
						<line number="652" hits="0"/>
						<line number="655" hits="0"/>
						<line number="658" hits="0"/>
						<line number="659" hits="0"/>
						<line number="663" hits="0"/>
						<line number="664" hits="0"/>
						<line number="665" hits="0"/>
						<line number="666" hits="0"/>
						<line number="667" hits="0"/>
						<line number="669" hits="0"/>
						<line number="673" hits="0"/>
						<line number="674" hits="0"/>
						<line number="675" hits="0"/>
						<line number="676" hits="0"/>
						<line number="678" hits="0"/>
						<line number="684" hits="0"/>
						<line number="705" hits="29"/>
						<line number="706" hits="29"/>
						<line number="707" hits="29"/>
						<line number="713" hits="58"/>
						<line number="716" hits="116"/>
						<line number="717" hits="29"/>
						<line number="718" hits="0"/>
						<line number="722" hits="29"/>
						<line number="725" hits="0"/>
						<line number="728" hits="0"/>
						<line number="729" hits="0"/>
						<line number="733" hits="0"/>
						<line number="734" hits="0"/>
						<line number="735" hits="0"/>
						<line number="736" hits="0"/>
						<line number="737" hits="0"/>
						<line number="739" hits="0"/>
						<line number="743" hits="0"/>
						<line number="744" hits="0"/>
						<line number="745" hits="0"/>
						<line number="746" hits="0"/>
						<line number="748" hits="0"/>
						<line number="755" hits="29"/>
						<line number="780" hits="24"/>
						<line number="781" hits="24"/>
						<line number="782" hits="24"/>
						<line number="784" hits="48"/>
						<line number="786" hits="24"/>
						<line number="787" hits="48"/>
						<line number="788" hits="24"/>
						<line number="791" hits="24"/>
						<line number="792" hits="24"/>
						<line number="830" hits="24"/>
						<line number="831" hits="24"/>
						<line number="832" hits="24"/>
						<line number="834" hits="48"/>
						<line number="837" hits="48"/>
						<line number="838" hits="24"/>
						<line number="839" hits="24"/>
						<line number="841" hits="24"/>
						<line number="842" hits="24"/>
						<line number="843" hits="24"/>
						<line number="844" hits="48"/>
						<line number="846" hits="0"/>
						<line number="847" hits="0"/>
						<line number="848" hits="0"/>
						<line number="851" hits="0"/>
						<line number="852" hits="0"/>
						<line number="855" hits="24"/>
						<line number="879" hits="666"/>
						<line number="881" hits="0"/>
						<line number="882" hits="0"/>
						<line number="884" hits="0"/>
						<line number="885" hits="0"/>
						<line number="886" hits="0"/>
						<line number="889" hits="0"/>
						<line number="890" hits="0"/>
						<line number="920" hits="648"/>
						<line number="922" hits="0"/>
						<line number="923" hits="0"/>
						<line number="926" hits="0"/>
						<line number="927" hits="0"/>
						<line number="928" hits="0"/>
						<line number="930" hits="0"/>
						<line number="931" hits="0"/>
						<line number="932" hits="0"/>
						<line number="933" hits="0"/>
						<line number="934" hits="0"/>
						<line number="936" hits="0"/>
						<line number="939" hits="0"/>
						<line number="963" hits="0"/>
						<line number="964" hits="0"/>
						<line number="995" hits="0"/>
						<line number="996" hits="0"/>
						<line number="1002" hits="0"/>
						<line number="1003" hits="0"/>
						<line number="1006" hits="0"/>
						<line number="1007" hits="0"/>
						<line number="1013" hits="0"/>
						<line number="1014" hits="0"/>
						<line number="1017" hits="0"/>
						<line number="1018" hits="0"/>
						<line number="1024" hits="0"/>
						<line number="1025" hits="0"/>
						<line number="1027" hits="0"/>
						<line number="1028" hits="0"/>
						<line number="1030" hits="0"/>
						<line number="1032" hits="0"/>
						<line number="1033" hits="0"/>
						<line number="1034" hits="0"/>
						<line number="1035" hits="0"/>
						<line number="1036" hits="0"/>
						<line number="1039" hits="0"/>
						<line number="1041" hits="0"/>
						<line number="1044" hits="0"/>
						<line number="1045" hits="0"/>
						<line number="1046" hits="0"/>
						<line number="1048" hits="0"/>
						<line number="1049" hits="0"/>
						<line number="1052" hits="0"/>
						<line number="1053" hits="0"/>
						<line number="1054" hits="0"/>
						<line number="1056" hits="0"/>
						<line number="1057" hits="0"/>
						<line number="1058" hits="0"/>
						<line number="1059" hits="0"/>
						<line number="1060" hits="0"/>
						<line number="1061" hits="0"/>
						<line number="1062" hits="0"/>
						<line number="1064" hits="0"/>
						<line number="1067" hits="0"/>
					</lines>
				</class>
				<class name="integration_test_sh" filename="source/build/product/integration_test.sh" line-rate="0.917">
					<lines>
						<line number="11" hits="4"/>
						<line number="12" hits="8"/>
						<line number="14" hits="6"/>
						<line number="15" hits="2"/>
						<line number="21" hits="2"/>
						<line number="22" hits="0"/>
						<line number="23" hits="0"/>
						<line number="26" hits="2"/>
						<line number="27" hits="2"/>
						<line number="28" hits="0"/>
						<line number="29" hits="0"/>
						<line number="36" hits="4"/>
						<line number="38" hits="2"/>
						<line number="39" hits="2"/>
						<line number="40" hits="3"/>
						<line number="41" hits="2"/>
						<line number="43" hits="2"/>
						<line number="44" hits="2"/>
						<line number="47" hits="2"/>
						<line number="48" hits="2"/>
						<line number="49" hits="2"/>
						<line number="50" hits="2"/>
						<line number="51" hits="2"/>
						<line number="52" hits="2"/>
						<line number="53" hits="2"/>
						<line number="56" hits="2"/>
						<line number="57" hits="2"/>
						<line number="60" hits="2"/>
						<line number="61" hits="4"/>
						<line number="67" hits="2"/>
						<line number="68" hits="2"/>
						<line number="70" hits="2"/>
						<line number="71" hits="2"/>
						<line number="72" hits="2"/>
						<line number="73" hits="2"/>
						<line number="74" hits="2"/>
						<line number="75" hits="2"/>
						<line number="77" hits="2"/>
						<line number="78" hits="2"/>
						<line number="79" hits="2"/>
						<line number="81" hits="2"/>
						<line number="82" hits="2"/>
						<line number="83" hits="2"/>
						<line number="89" hits="2"/>
						<line number="90" hits="2"/>
						<line number="92" hits="2"/>
						<line number="93" hits="2"/>
						<line number="94" hits="2"/>
						<line number="96" hits="2"/>
						<line number="97" hits="2"/>
						<line number="98" hits="2"/>
						<line number="100" hits="2"/>
						<line number="101" hits="2"/>
						<line number="102" hits="2"/>
						<line number="108" hits="2"/>
						<line number="109" hits="2"/>
						<line number="111" hits="2"/>
						<line number="112" hits="2"/>
						<line number="113" hits="4"/>
						<line number="115" hits="2"/>
						<line number="116" hits="1"/>
						<line number="118" hits="2"/>
						<line number="119" hits="1"/>
						<line number="121" hits="2"/>
						<line number="122" hits="1"/>
						<line number="124" hits="2"/>
						<line number="125" hits="1"/>
						<line number="131" hits="1"/>
						<line number="132" hits="1"/>
						<line number="135" hits="1"/>
						<line number="136" hits="1"/>
						<line number="137" hits="1"/>
						<line number="138" hits="1"/>
						<line number="141" hits="1"/>
						<line number="142" hits="1"/>
						<line number="143" hits="1"/>
						<line number="144" hits="1"/>
						<line number="147" hits="1"/>
						<line number="148" hits="1"/>
						<line number="149" hits="1"/>
						<line number="150" hits="1"/>
						<line number="153" hits="1"/>
						<line number="154" hits="1"/>
						<line number="155" hits="1"/>
						<line number="156" hits="1"/>
						<line number="159" hits="1"/>
						<line number="160" hits="1"/>
						<line number="161" hits="1"/>
						<line number="162" hits="1"/>
						<line number="165" hits="1"/>
						<line number="166" hits="1"/>
						<line number="167" hits="1"/>
						<line number="168" hits="1"/>
						<line number="174" hits="1"/>
						<line number="175" hits="0"/>
						<line number="176" hits="0"/>
						<line number="178" hits="0"/>
						<line number="179" hits="0"/>
						<line number="180" hits="0"/>
						<line number="182" hits="0"/>
						<line number="188" hits="1"/>
						<line number="189" hits="1"/>
						<line number="192" hits="1"/>
						<line number="193" hits="1"/>
						<line number="194" hits="1"/>
						<line number="196" hits="1"/>
						<line number="197" hits="1"/>
						<line number="198" hits="1"/>
						<line number="201" hits="1"/>
						<line number="202" hits="1"/>
						<line number="203" hits="1"/>
						<line number="206" hits="1"/>
						<line number="207" hits="1"/>
						<line number="208" hits="1"/>
						<line number="210" hits="1"/>
						<line number="211" hits="1"/>
						<line number="212" hits="1"/>
						<line number="218" hits="2"/>
						<line number="220" hits="2"/>
						<line number="221" hits="1"/>
					</lines>
				</class>
				<class name="is_installed" filename="source/dist/test/stfw/plugins/process/scripts/bin/install/is_installed" line-rate="0.778">
					<lines>
						<line number="2" hits="1"/>
						<line number="5" hits="2"/>
						<line number="6" hits="4"/>
						<line number="7" hits="0"/>
						<line number="8" hits="0"/>
						<line number="12" hits="1"/>
						<line number="13" hits="1"/>
						<line number="15" hits="1"/>
						<line number="16" hits="1"/>
					</lines>
				</class>
				<class name="inventry" filename="source/dist/test/stfw/bin/cmd/inventry" line-rate="0.792">
					<lines>
						<line number="11" hits="12"/>
						<line number="12" hits="18"/>
						<line number="15" hits="24"/>
						<line number="16" hits="6"/>
						<line number="17" hits="6"/>
						<line number="19" hits="18"/>
						<line number="20" hits="10"/>
						<line number="27" hits="0"/>
						<line number="32" hits="0"/>
						<line number="40" hits="0"/>
						<line number="45" hits="2"/>
						<line number="46" hits="2"/>
						<line number="48" hits="2"/>
						<line number="49" hits="2"/>
						<line number="51" hits="2"/>
						<line number="52" hits="2"/>
						<line number="57" hits="3"/>
						<line number="58" hits="3"/>
						<line number="60" hits="3"/>
						<line number="61" hits="3"/>
						<line number="63" hits="3"/>
						<line number="64" hits="3"/>
						<line number="75" hits="5"/>
						<line number="77" hits="10"/>
						<line number="78" hits="10"/>
						<line number="80" hits="0"/>
						<line number="81" hits="0"/>
						<line number="85" hits="0"/>
						<line number="86" hits="0"/>
						<line number="90" hits="2"/>
						<line number="91" hits="2"/>
						<line number="95" hits="3"/>
						<line number="96" hits="3"/>
						<line number="100" hits="0"/>
						<line number="101" hits="0"/>
						<line number="105" hits="5"/>
						<line number="114" hits="5"/>
						<line number="120" hits="5"/>
						<line number="122" hits="2"/>
						<line number="123" hits="2"/>
						<line number="124" hits="2"/>
						<line number="128" hits="3"/>
						<line number="129" hits="5"/>
						<line number="130" hits="3"/>
						<line number="134" hits="0"/>
						<line number="137" hits="5"/>
						<line number="139" hits="5"/>
						<line number="140" hits="5"/>
					</lines>
				</class>
				<class name="install" filename="source/dist/test/stfw/bin/install" line-rate="0.644">
					<lines>
						<line number="12" hits="6"/>
						<line number="15" hits="0"/>
						<line number="16" hits="0"/>
						<line number="17" hits="0"/>
						<line number="18" hits="0"/>
						<line number="19" hits="0"/>
						<line number="21" hits="2"/>
						<line number="23" hits="28"/>
						<line number="26" hits="6"/>
						<line number="27" hits="6"/>
						<line number="28" hits="6"/>
[...]
						<line number="237" hits="2"/>
						<line number="238" hits="2"/>
						<line number="239" hits="2"/>
						<line number="240" hits="2"/>
						<line number="241" hits="0"/>
						<line number="244" hits="2"/>
						<line number="245" hits="7"/>
						<line number="246" hits="6"/>
						<line number="247" hits="6"/>
						<line number="248" hits="2"/>
						<line number="253" hits="2"/>
						<line number="255" hits="2"/>
						<line number="256" hits="2"/>
						<line number="257" hits="2"/>
						<line number="280" hits="4"/>
						<line number="281" hits="4"/>
						<line number="282" hits="4"/>
						<line number="283" hits="4"/>
						<line number="286" hits="4"/>
						<line number="287" hits="0"/>
						<line number="288" hits="0"/>
						<line number="289" hits="0"/>
						<line number="293" hits="4"/>
						<line number="295" hits="4"/>
						<line number="296" hits="4"/>
						<line number="299" hits="4"/>
						<line number="300" hits="4"/>
						<line number="301" hits="4"/>
						<line number="302" hits="4"/>
						<line number="303" hits="4"/>
						<line number="307" hits="0"/>
						<line number="308" hits="4"/>
						<line number="309" hits="4"/>
						<line number="310" hits="4"/>
						<line number="311" hits="4"/>
						<line number="312" hits="0"/>
						<line number="315" hits="16"/>
						<line number="316" hits="6"/>
						<line number="317" hits="6"/>
						<line number="318" hits="6"/>
						<line number="320" hits="0"/>
						<line number="321" hits="2"/>
						<line number="322" hits="2"/>
						<line number="323" hits="2"/>
						<line number="324" hits="2"/>
						<line number="325" hits="2"/>
						<line number="326" hits="2"/>
						<line number="327" hits="2"/>
						<line number="328" hits="2"/>
						<line number="329" hits="2"/>
						<line number="330" hits="0"/>
						<line number="335" hits="0"/>
						<line number="336" hits="4"/>
						<line number="337" hits="4"/>
						<line number="338" hits="4"/>
						<line number="339" hits="4"/>
						<line number="340" hits="4"/>
						<line number="341" hits="4"/>
						<line number="342" hits="4"/>
						<line number="343" hits="0"/>
						<line number="346" hits="4"/>
						<line number="348" hits="4"/>
						<line number="349" hits="4"/>
						<line number="350" hits="4"/>
					</lines>
				</class>
				<class name="env_properties" filename="source/build/env.properties" line-rate="1.000">
					<lines>
						<line number="1" hits="2"/>
						<line number="2" hits="2"/>
						<line number="3" hits="2"/>
						<line number="4" hits="2"/>
						<line number="5" hits="2"/>
						<line number="6" hits="2"/>
						<line number="8" hits="2"/>
						<line number="10" hits="2"/>
						<line number="11" hits="2"/>
						<line number="13" hits="2"/>
						<line number="14" hits="2"/>
						<line number="16" hits="2"/>
						<line number="18" hits="2"/>
						<line number="19" hits="2"/>
						<line number="20" hits="2"/>
					</lines>
				</class>
				<class name="init" filename="source/dist/test/stfw/bin/cmd/init" line-rate="0.718">
					<lines>
						<line number="11" hits="4"/>
						<line number="12" hits="6"/>
						<line number="15" hits="8"/>
						<line number="16" hits="2"/>
						<line number="19" hits="2"/>
						<line number="21" hits="6"/>
						<line number="28" hits="0"/>
						<line number="33" hits="0"/>
						<line number="37" hits="0"/>
						<line number="41" hits="2"/>
						<line number="43" hits="2"/>
						<line number="44" hits="0"/>
						<line number="45" hits="0"/>
						<line number="49" hits="2"/>
						<line number="50" hits="2"/>
						<line number="53" hits="2"/>
						<line number="54" hits="2"/>
						<line number="55" hits="2"/>
						<line number="56" hits="2"/>
						<line number="57" hits="2"/>
						<line number="58" hits="2"/>
						<line number="59" hits="2"/>
						<line number="60" hits="2"/>
						<line number="62" hits="2"/>
						<line number="63" hits="2"/>
						<line number="73" hits="2"/>
						<line number="74" hits="2"/>
						<line number="76" hits="0"/>
						<line number="77" hits="0"/>
						<line number="81" hits="0"/>
						<line number="82" hits="0"/>
						<line number="86" hits="0"/>
						<line number="87" hits="0"/>
						<line number="91" hits="2"/>
						<line number="100" hits="2"/>
						<line number="103" hits="2"/>
						<line number="104" hits="2"/>
						<line number="106" hits="2"/>
						<line number="107" hits="2"/>
					</lines>
				</class>
				<class name="gen_encrypt_key" filename="source/dist/test/stfw/bin/cmd/gen-encrypt-key" line-rate="0.645">
					<lines>
						<line number="11" hits="8"/>
						<line number="12" hits="12"/>
						<line number="15" hits="16"/>
						<line number="16" hits="4"/>
						<line number="18" hits="12"/>
						<line number="25" hits="0"/>
						<line number="30" hits="0"/>
						<line number="37" hits="0"/>
						<line number="48" hits="4"/>
						<line number="50" hits="6"/>
						<line number="51" hits="6"/>
						<line number="53" hits="0"/>
						<line number="54" hits="0"/>
						<line number="58" hits="0"/>
						<line number="59" hits="0"/>
						<line number="63" hits="2"/>
						<line number="64" hits="2"/>
						<line number="68" hits="0"/>
						<line number="69" hits="0"/>
						<line number="73" hits="4"/>
						<line number="82" hits="4"/>
						<line number="84" hits="4"/>
						<line number="85" hits="2"/>
						<line number="86" hits="0"/>
						<line number="87" hits="0"/>
						<line number="91" hits="2"/>
						<line number="95" hits="4"/>
						<line number="96" hits="8"/>
						<line number="97" hits="4"/>
						<line number="99" hits="4"/>
						<line number="100" hits="4"/>
					</lines>
				</class>
				<class name="export_yaml_1124_properties" filename="tmp/export_yaml_1124.properties" line-rate="1.000">
					<lines>
						<line number="1" hits="4"/>
						<line number="2" hits="4"/>
						<line number="3" hits="4"/>
						<line number="4" hits="4"/>
						<line number="5" hits="4"/>
						<line number="6" hits="4"/>
					</lines>
				</class>
				<class name="server" filename="source/dist/test/stfw/bin/cmd/server" line-rate="0.594">
					<lines>
						<line number="11" hits="8"/>
						<line number="12" hits="12"/>
						<line number="15" hits="16"/>
						<line number="16" hits="4"/>
						<line number="19" hits="4"/>
						<line number="21" hits="12"/>
						<line number="28" hits="0"/>
						<line number="33" hits="0"/>
						<line number="48" hits="1"/>
						<line number="51" hits="1"/>
						<line number="52" hits="0"/>
						<line number="53" hits="0"/>
						<line number="57" hits="1"/>
						<line number="58" hits="1"/>
						<line number="61" hits="1"/>
						<line number="62" hits="1"/>
						<line number="64" hits="1"/>
						<line number="65" hits="1"/>
						<line number="70" hits="1"/>
						<line number="73" hits="1"/>
						<line number="74" hits="0"/>
						<line number="75" hits="0"/>
						<line number="79" hits="1"/>
						<line number="80" hits="1"/>
						<line number="82" hits="1"/>
						<line number="83" hits="1"/>
						<line number="88" hits="2"/>
						<line number="91" hits="4"/>
						<line number="93" hits="2"/>
						<line number="94" hits="1"/>
						<line number="96" hits="1"/>
						<line number="99" hits="2"/>
						<line number="100" hits="2"/>
						<line number="112" hits="4"/>
						<line number="113" hits="0"/>
						<line number="114" hits="0"/>
						<line number="118" hits="4"/>
						<line number="119" hits="4"/>
						<line number="125" hits="4"/>
						<line number="126" hits="4"/>
						<line number="128" hits="0"/>
						<line number="129" hits="0"/>
						<line number="133" hits="0"/>
						<line number="134" hits="0"/>
						<line number="138" hits="0"/>
						<line number="139" hits="0"/>
						<line number="143" hits="0"/>
						<line number="144" hits="0"/>
						<line number="148" hits="0"/>
						<line number="149" hits="0"/>
						<line number="153" hits="0"/>
						<line number="154" hits="0"/>
						<line number="158" hits="4"/>
						<line number="168" hits="4"/>
						<line number="170" hits="0"/>
						<line number="171" hits="0"/>
						<line number="175" hits="1"/>
						<line number="179" hits="1"/>
						<line number="183" hits="0"/>
						<line number="184" hits="0"/>
						<line number="188" hits="2"/>
						<line number="192" hits="0"/>
						<line number="193" hits="0"/>
						<line number="197" hits="4"/>
					</lines>
				</class>
				<class name="export_yaml_2259_properties" filename="tmp/export_yaml_2259.properties" line-rate="1.000">
					<lines>
						<line number="1" hits="4"/>
						<line number="2" hits="4"/>
						<line number="3" hits="4"/>
						<line number="4" hits="4"/>
						<line number="5" hits="4"/>
						<line number="6" hits="4"/>
					</lines>
				</class>
				<class name="export_yaml_1408_properties" filename="tmp/export_yaml_1408.properties" line-rate="1.000">
					<lines>
						<line number="1" hits="4"/>
						<line number="2" hits="4"/>
						<line number="3" hits="4"/>
						<line number="4" hits="4"/>
						<line number="5" hits="4"/>
						<line number="6" hits="4"/>
					</lines>
				</class>
				<class name="stfw_digdag_utils" filename="source/dist/test/stfw/bin/lib/stfw_digdag_utils" line-rate="0.699">
					<lines>
						<line number="24" hits="10"/>
						<line number="31" hits="5"/>
						<line number="53" hits="0"/>
						<line number="55" hits="0"/>
						<line number="56" hits="0"/>
						<line number="57" hits="0"/>
						<line number="59" hits="0"/>
						<line number="61" hits="0"/>
						<line number="62" hits="0"/>
						<line number="64" hits="0"/>
						<line number="65" hits="0"/>
						<line number="66" hits="0"/>
						<line number="67" hits="0"/>
						<line number="69" hits="0"/>
						<line number="70" hits="0"/>
						<line number="72" hits="0"/>
						<line number="73" hits="0"/>
						<line number="98" hits="1"/>
						<line number="100" hits="1"/>
						<line number="101" hits="1"/>
						<line number="102" hits="1"/>
						<line number="103" hits="1"/>
						<line number="105" hits="1"/>
						<line number="107" hits="1"/>
						<line number="108" hits="1"/>
						<line number="110" hits="0"/>
						<line number="111" hits="0"/>
						<line number="112" hits="0"/>
						<line number="113" hits="0"/>
						<line number="114" hits="2"/>
						<line number="115" hits="1"/>
						<line number="116" hits="1"/>
						<line number="117" hits="1"/>
						<line number="119" hits="1"/>
						<line number="120" hits="1"/>
						<line number="122" hits="1"/>
						<line number="123" hits="1"/>
						<line number="148" hits="1"/>
						<line number="150" hits="1"/>
						<line number="151" hits="1"/>
						<line number="152" hits="1"/>
						<line number="154" hits="1"/>
						<line number="156" hits="0"/>
						<line number="157" hits="0"/>
						<line number="158" hits="0"/>
						<line number="159" hits="0"/>
						<line number="160" hits="2"/>
						<line number="161" hits="1"/>
						<line number="162" hits="1"/>
						<line number="163" hits="1"/>
						<line number="164" hits="1"/>
						<line number="166" hits="1"/>
						<line number="167" hits="1"/>
						<line number="190" hits="2"/>
						<line number="213" hits="1"/>
						<line number="215" hits="2"/>
						<line number="216" hits="2"/>
						<line number="217" hits="2"/>
						<line number="218" hits="2"/>
						<line number="220" hits="1"/>
						<line number="221" hits="1"/>
						<line number="222" hits="1"/>
						<line number="223" hits="1"/>
						<line number="247" hits="1"/>
						<line number="248" hits="1"/>
						<line number="249" hits="1"/>
						<line number="251" hits="1"/>
						<line number="252" hits="1"/>
						<line number="254" hits="1"/>
						<line number="255" hits="1"/>
						<line number="256" hits="1"/>
						<line number="257" hits="1"/>
						<line number="259" hits="1"/>
						<line number="260" hits="1"/>
						<line number="262" hits="1"/>
						<line number="263" hits="1"/>
						<line number="286" hits="1"/>
						<line number="289" hits="1"/>
						<line number="290" hits="0"/>
						<line number="293" hits="1"/>
						<line number="294" hits="1"/>
						<line number="295" hits="3"/>
						<line number="296" hits="1"/>
						<line number="298" hits="2"/>
						<line number="302" hits="0"/>
						<line number="303" hits="0"/>
						<line number="304" hits="0"/>
						<line number="305" hits="0"/>
						<line number="306" hits="0"/>
						<line number="307" hits="0"/>
						<line number="308" hits="0"/>
						<line number="309" hits="0"/>
						<line number="310" hits="0"/>
						<line number="311" hits="0"/>
						<line number="312" hits="2"/>
						<line number="313" hits="1"/>
						<line number="314" hits="1"/>
						<line number="315" hits="1"/>
						<line number="317" hits="1"/>
						<line number="318" hits="1"/>
						<line number="321" hits="1"/>
						<line number="322" hits="1"/>
						<line number="324" hits="1"/>
						<line number="325" hits="0"/>
						<line number="326" hits="0"/>
						<line number="328" hits="1"/>
						<line number="330" hits="1"/>
						<line number="331" hits="1"/>
						<line number="354" hits="1"/>
						<line number="355" hits="1"/>
						<line number="358" hits="2"/>
						<line number="359" hits="2"/>
						<line number="360" hits="1"/>
						<line number="361" hits="1"/>
						<line number="365" hits="1"/>
						<line number="366" hits="1"/>
						<line number="368" hits="1"/>
						<line number="369" hits="1"/>
						<line number="393" hits="3"/>
						<line number="396" hits="3"/>
						<line number="397" hits="1"/>
						<line number="398" hits="1"/>
						<line number="399" hits="1"/>
						<line number="403" hits="4"/>
						<line number="404" hits="4"/>
						<line number="406" hits="0"/>
						<line number="407" hits="0"/>
						<line number="408" hits="0"/>
						<line number="409" hits="0"/>
						<line number="413" hits="2"/>
						<line number="415" hits="2"/>
						<line number="416" hits="2"/>
						<line number="439" hits="5"/>
						<line number="440" hits="5"/>
						<line number="441" hits="5"/>
						<line number="443" hits="5"/>
						<line number="444" hits="5"/>
						<line number="445" hits="5"/>
						<line number="469" hits="1"/>
						<line number="470" hits="1"/>
						<line number="472" hits="1"/>
						<line number="473" hits="1"/>
						<line number="475" hits="1"/>
						<line number="477" hits="0"/>
						<line number="478" hits="0"/>
						<line number="479" hits="0"/>
						<line number="480" hits="0"/>
						<line number="481" hits="0"/>
						<line number="482" hits="0"/>
						<line number="484" hits="0"/>
						<line number="485" hits="0"/>
						<line number="486" hits="0"/>
						<line number="488" hits="1"/>
						<line number="490" hits="7"/>
						<line number="491" hits="4"/>
						<line number="493" hits="4"/>
						<line number="494" hits="1"/>
						<line number="518" hits="5"/>
						<line number="519" hits="5"/>
						<line number="521" hits="0"/>
						<line number="531" hits="5"/>
						<line number="532" hits="15"/>
						<line number="533" hits="3"/>
						<line number="534" hits="3"/>
						<line number="537" hits="2"/>
						<line number="538" hits="2"/>
					</lines>
				</class>
				<class name="stfw_inventry_utils" filename="source/dist/test/stfw/bin/lib/stfw_inventry_utils" line-rate="0.795">
					<lines>
						<line number="39" hits="12"/>
						<line number="46" hits="6"/>
						<line number="48" hits="6"/>
						<line number="71" hits="5"/>
						<line number="72" hits="5"/>
						<line number="73" hits="5"/>
						<line number="76" hits="5"/>
						<line number="77" hits="0"/>
						<line number="78" hits="0"/>
						<line number="81" hits="5"/>
						<line number="82" hits="0"/>
						<line number="83" hits="0"/>
						<line number="87" hits="5"/>
						<line number="88" hits="6"/>
						<line number="91" hits="5"/>
						<line number="92" hits="5"/>
						<line number="94" hits="5"/>
						<line number="95" hits="5"/>
						<line number="96" hits="5"/>
						<line number="97" hits="5"/>
						<line number="98" hits="5"/>
						<line number="99" hits="5"/>
						<line number="101" hits="5"/>
						<line number="102" hits="5"/>
						<line number="127" hits="2"/>
						<line number="128" hits="2"/>
						<line number="129" hits="2"/>
						<line number="132" hits="2"/>
						<line number="133" hits="0"/>
						<line number="134" hits="0"/>
						<line number="137" hits="2"/>
						<line number="138" hits="0"/>
						<line number="139" hits="0"/>
						<line number="143" hits="4"/>
						<line number="144" hits="2"/>
						<line number="145" hits="1"/>
						<line number="147" hits="1"/>
						<line number="150" hits="2"/>
						<line number="151" hits="2"/>
					</lines>
				</class>
				<class name="export_yaml_1693_properties" filename="tmp/export_yaml_1693.properties" line-rate="1.000">
					<lines>
						<line number="1" hits="4"/>
						<line number="2" hits="4"/>
						<line number="3" hits="4"/>
						<line number="4" hits="4"/>
						<line number="5" hits="4"/>
						<line number="6" hits="4"/>
					</lines>
				</class>
				<class name="passwd" filename="source/dist/test/stfw/bin/cmd/passwd" line-rate="0.812">
					<lines>
						<line number="11" hits="12"/>
						<line number="12" hits="18"/>
						<line number="15" hits="24"/>
						<line number="16" hits="6"/>
						<line number="18" hits="18"/>
						<line number="25" hits="0"/>
						<line number="30" hits="0"/>
						<line number="38" hits="0"/>
						<line number="42" hits="4"/>
						<line number="44" hits="4"/>
						<line number="45" hits="4"/>
						<line number="46" hits="4"/>
						<line number="47" hits="4"/>
						<line number="49" hits="8"/>
						<line number="52" hits="4"/>
						<line number="53" hits="2"/>
						<line number="54" hits="0"/>
						<line number="55" hits="0"/>
						<line number="58" hits="2"/>
						<line number="61" hits="8"/>
						<line number="62" hits="6"/>
						<line number="64" hits="4"/>
						<line number="65" hits="4"/>
						<line number="66" hits="4"/>
						<line number="68" hits="4"/>
						<line number="69" hits="4"/>
						<line number="70" hits="4"/>
						<line number="75" hits="2"/>
						<line number="77" hits="2"/>
						<line number="78" hits="2"/>
						<line number="80" hits="2"/>
						<line number="81" hits="2"/>
						<line number="83" hits="2"/>
						<line number="84" hits="2"/>
						<line number="95" hits="6"/>
						<line number="97" hits="6"/>
						<line number="99" hits="10"/>
						<line number="100" hits="10"/>
						<line number="102" hits="0"/>
						<line number="103" hits="0"/>
						<line number="107" hits="0"/>
						<line number="108" hits="0"/>
						<line number="112" hits="2"/>
						<line number="113" hits="2"/>
						<line number="117" hits="2"/>
						<line number="118" hits="2"/>
						<line number="122" hits="0"/>
						<line number="123" hits="0"/>
						<line number="127" hits="6"/>
						<line number="136" hits="6"/>
						<line number="142" hits="6"/>
						<line number="144" hits="4"/>
						<line number="145" hits="4"/>
						<line number="146" hits="4"/>
						<line number="147" hits="4"/>
						<line number="148" hits="4"/>
						<line number="152" hits="2"/>
						<line number="153" hits="2"/>
						<line number="154" hits="2"/>
						<line number="155" hits="2"/>
						<line number="159" hits="0"/>
						<line number="162" hits="6"/>
						<line number="164" hits="6"/>
						<line number="165" hits="6"/>
					</lines>
				</class>
				<class name="export_yaml_1978_properties" filename="tmp/export_yaml_1978.properties" line-rate="1.000">
					<lines>
						<line number="1" hits="4"/>
						<line number="2" hits="4"/>
						<line number="3" hits="4"/>
						<line number="4" hits="4"/>
						<line number="5" hits="4"/>
						<line number="6" hits="4"/>
					</lines>
				</class>
			</classes>
		</package>
	</packages>
</coverage>
